<?xml version="1.0" encoding="UTF-8"?>
<!-- Generated by org.testng.reporters.JUnitXMLReporter -->
<testsuite ignored="0" hostname="INPHWN169576" failures="1" tests="1" name="Test" time="4.761" errors="0" timestamp="2024-02-10T14:58:17 IST">
  <testcase classname="rahulshettyacademy.TestDemo" name="titleCheck" time="4.683">
    <failure type="org.openqa.selenium.SessionNotCreatedException" message="Could not start a new session. Unable to parse remote response: &amp;lt;!DOCTYPE html&amp;gt;
&amp;lt;html&amp;gt;

&amp;lt;head&amp;gt;
	&amp;lt;meta charset=&amp;quot;UTF-8&amp;quot;&amp;gt;
	&amp;lt;title&amp;gt;Page not found | BrowserStack&amp;lt;/title&amp;gt;
	&amp;lt;meta http-equiv=&amp;quot;X-UA-Compatible&amp;quot; content=&amp;quot;IE=edge,chrome=1&amp;quot;&amp;gt;
	&amp;lt;meta name=&amp;quot;robots&amp;quot; content=&amp;quot;noindex, follow&amp;quot;&amp;gt;
	&amp;lt;!-- Font preloads --&amp;gt;
	&amp;lt;link rel=&amp;quot;preload&amp;quot; href=&amp;quot;https://browserstack.wpenginepowered.com/wp-content/themes/browserstack/fonts/source-sans-pro-v21-latin-900.woff2&amp;quot; as=&amp;quot;font&amp;quot; type=&amp;quot;font/woff2&amp;quot; crossorigin&amp;gt;
	&amp;lt;link rel=&amp;quot;preload&amp;quot; href=&amp;quot;https://browserstack.wpenginepowered.com/wp-content/themes/browserstack/fonts/source-sans-pro-v21-latin-700.woff2&amp;quot; as=&amp;quot;font&amp;quot; type=&amp;quot;font/woff2&amp;quot; crossorigin&amp;gt;
	&amp;lt;link rel=&amp;quot;preload&amp;quot; href=&amp;quot;https://browserstack.wpenginepowered.com/wp-content/themes/browserstack/fonts/source-sans-pro-v21-latin-600.woff2&amp;quot; as=&amp;quot;font&amp;quot; type=&amp;quot;font/woff2&amp;quot; crossorigin&amp;gt;
	&amp;lt;link rel=&amp;quot;preload&amp;quot; href=&amp;quot;https://browserstack.wpenginepowered.com/wp-content/themes/browserstack/fonts/source-sans-pro-v21-latin-regular.woff2&amp;quot; as=&amp;quot;font&amp;quot; type=&amp;quot;font/woff2&amp;quot; crossorigin&amp;gt;
	&amp;lt;link rel=&amp;quot;preload&amp;quot; href=&amp;quot;https://browserstack.wpenginepowered.com/wp-content/themes/browserstack/fonts/source-sans-pro-v21-latin-300.woff2&amp;quot; as=&amp;quot;font&amp;quot; type=&amp;quot;font/woff2&amp;quot; crossorigin&amp;gt;

	&amp;lt;!-- Logo preloads --&amp;gt;
	&amp;lt;link rel=&amp;quot;preload&amp;quot; as=&amp;quot;image&amp;quot; href=&amp;quot;https://browserstack.wpenginepowered.com/wp-content/themes/browserstack/img/bstack-logo-global.svg&amp;quot;&amp;gt;

	&amp;lt;!-- Favicon for website --&amp;gt;
	&amp;lt;link rel=&amp;quot;apple-touch-icon&amp;quot; sizes=&amp;quot;160x160&amp;quot; href=&amp;quot;https://browserstack.wpenginepowered.com/wp-content/themes/browserstack/img/favicons/apple-touch-icon.png&amp;quot;&amp;gt;
	&amp;lt;!-- https://stackoverflow.com/questions/12480497/why-am-i-getting-error-for-apple-touch-icon-precomposed-png --&amp;gt;
	&amp;lt;link rel=&amp;quot;apple-touch-icon-precomposed&amp;quot; sizes=&amp;quot;160x160&amp;quot; href=&amp;quot;https://browserstack.wpenginepowered.com/wp-content/themes/browserstack/img/favicons/apple-touch-icon-precomposed.png&amp;quot;&amp;gt;
	&amp;lt;link rel=&amp;quot;shortcut icon&amp;quot; href=&amp;quot;https://browserstack.wpenginepowered.com/wp-content/themes/browserstack/img/favicons/favicon.ico&amp;quot;&amp;gt;
	&amp;lt;meta name=&amp;quot;msapplication-TileColor&amp;quot; content=&amp;quot;#da532c&amp;quot;&amp;gt;
	&amp;lt;meta name=&amp;quot;theme-color&amp;quot; content=&amp;quot;#ffffff&amp;quot;&amp;gt;

	&amp;lt;meta name=&amp;quot;viewport&amp;quot; content=&amp;quot;width=device-width, initial-scale=1.0&amp;quot;&amp;gt;
	&amp;lt;meta name=&amp;quot;google-site-verification&amp;quot; content=&amp;quot;0x5RL_wr7QYQniT_gnQwJKSvJuB5euCdOF5k-E0-w84&amp;quot;&amp;gt;
	&amp;lt;meta name=&amp;quot;ahrefs-site-verification&amp;quot; content=&amp;quot;b22d77df50eb3929fe4bba293aebbc098a9e348ebe7751fe020bb9878c198172&amp;quot;&amp;gt;
	&amp;lt;meta name=&amp;quot;facebook-domain-verification&amp;quot; content=&amp;quot;joy2k7rhws0m7eufhx1fdmv9bowjbh&amp;quot;&amp;gt;
	&amp;lt;script type=&amp;quot;text/javascript&amp;quot;&amp;gt;
		var stage_env_cookie_prefix = &amp;apos;&amp;apos;;
	&amp;lt;/script&amp;gt;
	&amp;lt;script type=&amp;quot;text/javascript&amp;quot; src=&amp;quot;https://browserstack.wpenginepowered.com/wp-content/themes/browserstack/js/dist/header-first-fold.js&amp;quot;&amp;gt;&amp;lt;/script&amp;gt;
	&amp;lt;link onload=&amp;quot;this.media == &amp;apos;none&amp;apos;?this.media=&amp;apos;all&amp;apos;:&amp;apos;&amp;apos;&amp;quot; rel=&amp;quot;stylesheet&amp;quot; href=&amp;quot;https://browserstack.wpenginepowered.com/wp-content/cache/css/bstack_d41d8cd98f00b204e9800998ecf8427e.css?v=1684139030&amp;quot; media=&amp;quot;none&amp;quot;/&amp;gt;&amp;lt;noscript&amp;gt;&amp;lt;link rel=&amp;quot;stylesheet&amp;quot; href=&amp;quot;https://browserstack.wpenginepowered.com/wp-content/cache/css/bstack_d41d8cd98f00b204e9800998ecf8427e.css?v=1684139030&amp;quot; media=&amp;quot;all&amp;quot;/&amp;gt;&amp;lt;/noscript&amp;gt;&amp;lt;script id=&amp;quot;bstack_preload_css&amp;quot; type=&amp;quot;text/javascript&amp;quot;&amp;gt;
		/** Objects and variables defined so they are always defined when required */
		var BrowserStackEnterprise = false,
			existingRows = 0,
			js_theme_path = {
				&amp;apos;templateUrl&amp;apos;: &amp;apos;/wp-content/themes/browserstack&amp;apos;
			},
			loadWebTrackerEvents = [],
			EDS = {
				webEvents: &amp;quot;web_events&amp;quot;,
				webEventsPii: &amp;quot;web_events_pii&amp;quot;
			},
			bsLib = {},
			pageLoadEventProps = {},
			homepageLiveForTeamsExp = 0;
		if (typeof userDetails === &amp;apos;undefined&amp;apos;) {
			var userDetails = {
				location: {
					city: &amp;apos;&amp;apos;,
					country: &amp;apos;&amp;apos;,
					ip: &amp;apos;&amp;apos;,
					region: &amp;apos;&amp;apos;,
					longitude: &amp;apos;&amp;apos;,
					latitude: &amp;apos;&amp;apos;
				}
			};
		}

		var EdsConfig = {
			&amp;quot;server&amp;quot;: &amp;quot;eds.browserstack.com&amp;quot;,
			&amp;quot;port&amp;quot;: &amp;quot;443&amp;quot;,
			&amp;quot;api&amp;quot;: &amp;quot;5PJymLNdWrOwzQNC7J6SXBuUFQGWq4Vuw&amp;quot;
		};

		AmplitudeAnalytics = {
			&amp;quot;api_key&amp;quot;: &amp;quot;985eaa9c45d824a94344e64a2a3ca724&amp;quot;
		};
		var googleAuthClientID = &amp;quot;1066772918720-olim1a4ub186pm1siktrubbkg7mkvom9.apps.googleusercontent.com&amp;quot;;
	&amp;lt;/script&amp;gt;
	&amp;lt;script&amp;gt;
		// Add all acf variables here.
		// Freshchat Events
		var FreshChatConfig = {
			api: &amp;quot;&amp;quot;,
			show: false,
			host: &amp;quot;&amp;quot;,
			tags: [],
			cookieName: &amp;quot;&amp;quot;,
			inactivityTimer: 0,
			scrollY: 1200,
			vwoShow: 0,
			startWorkingHours: &amp;quot;&amp;quot;,
			endWorkingHours: &amp;quot;&amp;quot;,
			customWidgetValue: false,
			chatBubble: {
				visible: false,
				text: &amp;quot;&amp;quot;,
				timer: 0
			},
			customWidgetChat: {
				visible: false,
				text: &amp;quot;&amp;quot;
			},
			enableFreshChatOnPage: 0,
		}

		var popUpCSFOptions = {
				ref: &amp;quot;&amp;quot;,
				cta_ref: &amp;quot;&amp;quot;,
				source: &amp;quot;&amp;quot;,
				vwoShow: 0,
				calendly: &amp;quot;&amp;quot;,
				vwoShowCalendly: 0
			},
			popUpSignUpOptions = {
				source: &amp;quot;&amp;quot;,
				vwoShow: 0
			};

		var AlgoliaSearchConfig = &amp;apos;prod_global_search_reindex&amp;apos;;
	&amp;lt;/script&amp;gt;
	&amp;lt;script&amp;gt;
		window.addEventListener(&amp;quot;error&amp;quot;, function(e, url) {
			var eleArray = [&amp;quot;SCRIPT&amp;quot;];
			if (eleArray.indexOf(e.target.tagName) != -1) {
				if ((/bstack_/.test(e.target.src))) {
					var headerJs=function(){function e(){document.getElementById(&amp;quot;header-habitat&amp;quot;).innerHTML.length&amp;gt;0&amp;amp;&amp;amp;t()}var t=function(){function e(e){if(e.preventDefault(),e.stopPropagation(),this.classList.toggle(&amp;quot;active&amp;quot;),this.classList.contains(&amp;quot;active&amp;quot;))c.classList.contains(&amp;quot;active&amp;quot;)||c.classList.toggle(&amp;quot;active&amp;quot;),l.classList.contains(&amp;quot;hide&amp;quot;)&amp;amp;&amp;amp;l.classList.toggle(&amp;quot;hide&amp;quot;);else{c.classList.remove(&amp;quot;active&amp;quot;),c.classList.contains(&amp;quot;hide&amp;quot;)||(c.className+=&amp;quot; hide&amp;quot;);for(var t=0;t&amp;lt;o.length;t++)o[t].classList.contains(&amp;quot;hide&amp;quot;)||(o[t].className+=&amp;quot; hide&amp;quot;)}}function t(){&amp;quot;primary&amp;quot;===this.getAttribute(&amp;quot;data-target&amp;quot;)&amp;amp;&amp;amp;c.classList.toggle(&amp;quot;active&amp;quot;),this.closest(&amp;quot;ul&amp;quot;).classList.toggle(&amp;quot;hide&amp;quot;)}function s(){c.classList.toggle(&amp;quot;active&amp;quot;),document.getElementById(this.getAttribute(&amp;quot;data-trigger&amp;quot;)).classList.toggle(&amp;quot;hide&amp;quot;)}for(var a=document.getElementsByClassName(&amp;quot;dropdown-holder-desktop&amp;quot;),i=0;i&amp;lt;a.length;i++)a[i].addEventListener(&amp;quot;mouseover&amp;quot;,function(e){var t=this.firstElementChild.getAttribute(&amp;quot;data-target&amp;quot;),s=document.getElementById(t);s.classList.contains(&amp;quot;active&amp;quot;)||(s.className+=&amp;quot; active&amp;quot;),this.classList.contains(&amp;quot;active&amp;quot;)||(this.className+=&amp;quot; active&amp;quot;)}),a[i].addEventListener(&amp;quot;mouseleave&amp;quot;,function(e){var t=this.firstElementChild.getAttribute(&amp;quot;data-target&amp;quot;),s=document.getElementById(t);s.classList.remove(&amp;quot;active&amp;quot;),this.classList.remove(&amp;quot;active&amp;quot;)});var n=document.getElementById(&amp;quot;primary-menu-toggle&amp;quot;),c=document.getElementById(&amp;quot;primary-menu&amp;quot;),l=document.getElementById(&amp;quot;primary-menu-container&amp;quot;),o=document.getElementsByClassName(&amp;quot;mobile-dropdown-menu&amp;quot;);n.addEventListener(&amp;quot;click&amp;quot;,e);for(var d=document.getElementsByClassName(&amp;quot;back&amp;quot;),r=document.getElementsByClassName(&amp;quot;forward&amp;quot;),m=document.getElementsByClassName(&amp;quot;dropdown-toggle-mobile&amp;quot;),i=0;i&amp;lt;d.length;i++)d[i].addEventListener(&amp;quot;click&amp;quot;,t);for(var i=0;i&amp;lt;r.length;i++)r[i].addEventListener(&amp;quot;click&amp;quot;,t);for(var i=0;i&amp;lt;m.length;i++)m[i].addEventListener(&amp;quot;click&amp;quot;,s)};e()}();
				}
			}
		}, true);
	&amp;lt;/script&amp;gt;
	&amp;lt;script&amp;gt;
		(function(w, d, s, l, i) {
			w[l] = w[l] || [];
			w[l].push({
				&amp;apos;gtm.start&amp;apos;: new Date().getTime(),
				event: &amp;apos;gtm.js&amp;apos;
			});
			var f = d.getElementsByTagName(s)[0],
				j = d.createElement(s),
				dl = l != &amp;apos;dataLayer&amp;apos; ? &amp;apos;&amp;amp;l=&amp;apos; + l : &amp;apos;&amp;apos;;
			j.async = true;
			j.src =
				&amp;apos;https://www.googletagmanager.com/gtm.js?id=&amp;apos; + i + dl;
			f.parentNode.insertBefore(j, f);
		})(window, document, &amp;apos;script&amp;apos;, &amp;apos;dataLayer&amp;apos;, &amp;apos;GTM-KX7NTRZ&amp;apos;);
	&amp;lt;/script&amp;gt;

	&amp;lt;script type=&amp;quot;text/javascript&amp;quot; async=&amp;quot;&amp;quot; src=&amp;quot;https://browserstack.wpenginepowered.com/wp-content/themes/browserstack/src/js/libraries/amplitude-4.1.1-min.gz.js&amp;quot; integrity=&amp;quot;sha384-gVL16rLDmm6uCxO2ILZgcmC1dJ1xI20Vfxjywd5dZL8srL1GJsf1mN66MwmO4WWn&amp;quot; crossorigin=&amp;quot;anonymous&amp;quot;&amp;gt;&amp;lt;/script&amp;gt;

	&amp;lt;link id=&amp;quot;bstack-load-error-css&amp;quot; rel=&amp;quot;stylesheet&amp;quot; href=&amp;quot;https://browserstack.wpenginepowered.com/wp-content/themes/browserstack/css/header_after_fcp.css?k=1694761462&amp;quot; type=&amp;quot;text/css&amp;quot; media=&amp;quot;all&amp;quot;&amp;gt;
	&amp;lt;link rel=&amp;quot;stylesheet&amp;quot; href=&amp;quot;https://browserstack.wpenginepowered.com/wp-content/themes/browserstack/css/header_fcp_live.css?k=1704870234&amp;quot; type=&amp;quot;text/css&amp;quot; media=&amp;quot;all&amp;quot;&amp;gt;
	&amp;lt;link rel=&amp;quot;stylesheet&amp;quot; href=&amp;quot;https://browserstack.wpenginepowered.com/wp-content/themes/browserstack/css/header-promo-bar.css?k=1694761462&amp;quot; type=&amp;quot;text/css&amp;quot; media=&amp;quot;all&amp;quot;&amp;gt;
	&amp;lt;link rel=&amp;quot;stylesheet&amp;quot; href=&amp;quot;https://browserstack.wpenginepowered.com/wp-content/themes/browserstack/css/header-primary.css?k=1698219234&amp;quot; type=&amp;quot;text/css&amp;quot; media=&amp;quot;all&amp;quot;&amp;gt;
	&amp;lt;link rel=&amp;quot;stylesheet&amp;quot; href=&amp;quot;https://browserstack.wpenginepowered.com/wp-content/themes/browserstack/css/global-header.css?k=1707381236&amp;quot; type=&amp;quot;text/css&amp;quot; media=&amp;quot;all&amp;quot;&amp;gt;
	&amp;lt;link rel=&amp;quot;stylesheet&amp;quot; href=&amp;quot;https://browserstack.wpenginepowered.com/wp-content/themes/browserstack/css/header-secondary.css?k=1704709128&amp;quot; type=&amp;quot;text/css&amp;quot; media=&amp;quot;all&amp;quot;&amp;gt;
	&amp;lt;link rel=&amp;quot;stylesheet&amp;quot; href=&amp;quot;https://browserstack.wpenginepowered.com/wp-content/themes/browserstack/css/docs-search.css?k=1700478223&amp;quot; type=&amp;quot;text/css&amp;quot; media=&amp;quot;all&amp;quot;&amp;gt;
	&amp;lt;link rel=&amp;quot;stylesheet&amp;quot; href=&amp;quot;https://browserstack.wpenginepowered.com/wp-content/themes/browserstack/css/header-marketing.css?k=1694761462&amp;quot; type=&amp;quot;text/css&amp;quot; media=&amp;quot;all&amp;quot;&amp;gt;
	&amp;lt;link rel=&amp;quot;stylesheet&amp;quot; href=&amp;quot;https://browserstack.wpenginepowered.com/wp-content/themes/browserstack/css/header-with-title.css?k=1694761462&amp;quot; type=&amp;quot;text/css&amp;quot; media=&amp;quot;all&amp;quot;&amp;gt;
	&amp;lt;link rel=&amp;quot;stylesheet&amp;quot; onload=&amp;quot;this.media == &amp;apos;none&amp;apos;?this.media=&amp;apos;all&amp;apos;:&amp;apos;&amp;apos;&amp;quot; id=&amp;quot;bstack-common-live-css&amp;quot; href=&amp;quot;https://browserstack.wpenginepowered.com/wp-content/themes/browserstack/css/common-live.css?ver=1694761462&amp;quot; type=&amp;quot;text/css&amp;quot; media=&amp;quot;all&amp;quot;&amp;gt;
	&amp;lt;link rel=&amp;quot;stylesheet&amp;quot; onload=&amp;quot;this.media == &amp;apos;none&amp;apos;?this.media=&amp;apos;all&amp;apos;:&amp;apos;&amp;apos;&amp;quot; id=&amp;quot;bstack-forms-css-css&amp;quot; href=&amp;quot;https://browserstack.wpenginepowered.com/wp-content/themes/browserstack/css/forms.css?ver=1694761462&amp;quot; type=&amp;quot;text/css&amp;quot; media=&amp;quot;all&amp;quot;&amp;gt;
	&amp;lt;link rel=&amp;quot;stylesheet&amp;quot; onload=&amp;quot;this.media == &amp;apos;none&amp;apos;?this.media=&amp;apos;all&amp;apos;:&amp;apos;&amp;apos;&amp;quot; id=&amp;quot;modal-popup-css&amp;quot; href=&amp;quot;https://browserstack.wpenginepowered.com/wp-content/themes/browserstack/css/modal_popup.css?ver=1698410932&amp;quot; type=&amp;quot;text/css&amp;quot; media=&amp;quot;all&amp;quot;&amp;gt;
	&amp;lt;link rel=&amp;quot;stylesheet&amp;quot; href=&amp;quot;https://browserstack.wpenginepowered.com/wp-content/themes/browserstack/css/page-404.css?k=1694761462&amp;quot; type=&amp;quot;text/css&amp;quot; media=&amp;quot;all&amp;quot;&amp;gt;
&amp;lt;/head&amp;gt;

&amp;lt;body data-onloadevent=&amp;quot;&amp;quot;&amp;gt;
	&amp;lt;script type=&amp;quot;text/javascript&amp;quot;&amp;gt;
		try {
			var intS = 0,
				promoBarFlag = true;
			if (bstackCheckAcceptCookie) {
				document.body.classList.add(&amp;quot;cookie-notification-hide&amp;quot;);
			}
			var eTimeVar = setInterval(function() {
				var promoBar = document.getElementById(&amp;quot;promo-notification&amp;quot;),
					cookieNotification = document.getElementById(&amp;quot;cookie-notification&amp;quot;),
					promoBarCookie = getCookieVal(&amp;quot;closePromoNotification&amp;quot;, true),
					isSupported = false;

				if (promoBar &amp;amp;&amp;amp; promoBarFlag) {
					if (promoBarCookie || window.innerWidth &amp;lt; 979) {
						promoBar.remove();
					} else if (promoBar &amp;amp;&amp;amp; !promoBarCookie &amp;amp;&amp;amp; !wpUserLoggedIn) {
						promoBar.classList.remove(&amp;apos;hide&amp;apos;);
					} else if (typeof headerJs === &amp;apos;object&amp;apos;) {
						// check promoBar Network Flag &amp;amp; call promobar fn
						headerJs.fnCheckDiscountedPromoBarFlag() ? headerJs.fnCheckDiscountedPromoBarOffer() : promoBar.classList.remove(&amp;apos;hide&amp;apos;);
						promoBarFlag = false;
					}
				}
				// adding try catch for localstorage
				try {
					isSupported = window.localStorage ? true : false;
				} catch (e) {}
				if (isSupported) {
					if (!localStorage.getItem(&amp;quot;cookie-notification-approved&amp;quot;) &amp;amp;&amp;amp; cookieNotification) {
						cookieNotification.classList.remove(&amp;quot;hide&amp;quot;);
					}
				}
				if (++intS &amp;gt;= 10) {
					clearInterval(eTimeVar);
				}
			}, 100);
		} catch (e) {}
	&amp;lt;/script&amp;gt;
	&amp;lt;div id=&amp;quot;cookie-notification&amp;quot; class=&amp;quot;cookie-notification&amp;quot;&amp;gt;
		&amp;lt;div class=&amp;quot;row&amp;quot;&amp;gt;
			&amp;lt;div class=&amp;quot;col-sm-9 col-xs-12 cookie-notification__elements no-pad&amp;quot;&amp;gt;
				&amp;lt;div class=&amp;quot;cookie-notification__text&amp;quot;&amp;gt;We use cookies to enhance user experience. By continuing to browse or closing this banner, you agree to our &amp;lt;a href=&amp;quot;/privacy&amp;quot; target=&amp;quot;_blank&amp;quot; aria-label=&amp;quot;View Privacy Policy document&amp;quot; id=&amp;quot;cookie-policy-link&amp;quot;&amp;gt;Privacy Policy&amp;lt;/a&amp;gt; &amp;amp;amp; &amp;lt;a href=&amp;quot;/terms&amp;quot; target=&amp;quot;_blank&amp;quot; aria-label=&amp;quot;View Terms of Service document&amp;quot;&amp;gt;Terms of Service&amp;lt;/a&amp;gt;.&amp;lt;/div&amp;gt;
			&amp;lt;/div&amp;gt;
			&amp;lt;div id=&amp;quot;accept-cookie-notification-content&amp;quot; class=&amp;quot;cookie-notification__actions cookie-notification__elements col-sm-3 col-xs-12 no-pad&amp;quot;&amp;gt; &amp;lt;button class=&amp;quot;btn btn-primary cookie-notification__got-it-cta js__accept-cookie&amp;quot; id=&amp;quot;accept-cookie-notification&amp;quot; aria-label=&amp;quot;Accept all the policies and terms&amp;quot;&amp;gt; Accept All &amp;lt;/button&amp;gt; &amp;lt;button class=&amp;quot;cookie-notification__close js__accept-cookie&amp;quot; id=&amp;quot;accept-cookie-notification-cross&amp;quot; aria-label=&amp;quot;Accept all the policies and terms and close the policies and terms of service acceptance banner&amp;quot;&amp;gt; &amp;lt;svg aria-hidden=&amp;quot;true&amp;quot; width=&amp;quot;10px&amp;quot; height=&amp;quot;10px&amp;quot; viewBox=&amp;quot;0 0 10 10&amp;quot; version=&amp;quot;1.1&amp;quot; xmlns=&amp;quot;http://www.w3.org/2000/svg&amp;quot; xmlns:xlink=&amp;quot;http://www.w3.org/1999/xlink&amp;quot;&amp;gt;
						&amp;lt;g&amp;gt;
							&amp;lt;path d=&amp;quot;M6.43835616,5.15981735 C6.34703196,5.06849315 6.34703196,4.93150685 6.43835616,4.84018265 L9.8630137,1.41552511 C9.9543379,1.32420091 10,1.18721461 10,1.09589041 C10,1.00456621 9.9543379,0.867579909 9.8630137,0.776255708 L9.22374429,0.136986301 C9.13242009,0.0456621005 8.99543379,0 8.90410959,0 C8.76712329,0 8.67579909,0.0456621005 8.58447489,0.136986301 L5.15981735,3.56164384 C5.06849315,3.65296804 4.93150685,3.65296804 4.84018265,3.56164384 L1.41552511,0.136986301 C1.32420091,0.0456621005 1.18721461,0 1.09589041,0 C1.00456621,0 0.867579909,0.0456621005 0.776255708,0.136986301 L0.136986301,0.776255708 C0.0456621005,0.867579909 0,1.00456621 0,1.09589041 C0,1.18721461 0.0456621005,1.32420091 0.136986301,1.41552511 L3.56164384,4.84018265 C3.65296804,4.93150685 3.65296804,5.06849315 3.56164384,5.15981735 L0.136986301,8.58447489 C0.0456621005,8.67579909 0,8.81278539 0,8.90410959 C0,8.99543379 0.0456621005,9.13242009 0.136986301,9.22374429 L0.776255708,9.8630137 C0.867579909,9.9543379 1.00456621,10 1.09589041,10 C1.18721461,10 1.32420091,9.9543379 1.41552511,9.8630137 L4.84018265,6.43835616 C4.93150685,6.34703196 5.06849315,6.34703196 5.15981735,6.43835616 L8.58447489,9.8630137 C8.67579909,9.9543379 8.81278539,10 8.90410959,10 C8.99543379,10 9.13242009,9.9543379 9.22374429,9.8630137 L9.8630137,9.22374429 C9.9543379,9.13242009 10,8.99543379 10,8.90410959 C10,8.81278539 9.9543379,8.67579909 9.8630137,8.58447489 L6.43835616,5.15981735 L6.43835616,5.15981735 Z&amp;quot; fill=&amp;quot;#fff&amp;quot;&amp;gt;&amp;lt;/path&amp;gt;
						&amp;lt;/g&amp;gt;
					&amp;lt;/svg&amp;gt; &amp;lt;/button&amp;gt; &amp;lt;/div&amp;gt;
		&amp;lt;/div&amp;gt;
	&amp;lt;/div&amp;gt;
	&amp;lt;div class=&amp;quot;wrapper&amp;quot; id=&amp;quot;page__wrapper&amp;quot;&amp;gt;
		&amp;lt;a href=&amp;quot;#main-content&amp;quot; class=&amp;quot;skip-link&amp;quot;&amp;gt;Skip to main content&amp;lt;/a&amp;gt;
		&amp;lt;header id=&amp;quot;header-habitat&amp;quot; class=&amp;quot;header-habitat marketing-header &amp;quot;&amp;gt;
			
&amp;lt;div class=&amp;quot;container&amp;quot;&amp;gt;
  &amp;lt;div class=&amp;quot;row&amp;quot;&amp;gt;
    &amp;lt;div class=&amp;quot;col-xs-12 custom-header-col&amp;quot;&amp;gt;
    &amp;lt;div class=&amp;quot;bstack-mm &amp;quot;&amp;gt;
        &amp;lt;!-- BrowserStack Logo  --&amp;gt;
        &amp;lt;a class=&amp;quot;bstack-mm-logo&amp;quot; href=&amp;quot;/&amp;quot; title=&amp;quot;BrowserStack Logo&amp;quot;&amp;gt;
          &amp;lt;img src=&amp;quot;https://browserstack.wpenginepowered.com/wp-content/themes/browserstack/img/bstack-logo-global.svg&amp;quot; data-skiplazy=&amp;quot;1&amp;quot; width=&amp;quot;188&amp;quot; height=&amp;quot;32&amp;quot; alt=&amp;quot;BrowserStack Logo&amp;quot; /&amp;gt;
        &amp;lt;/a&amp;gt;
        &amp;lt;button class=&amp;quot;bstack-mm-search-menu  doc-search-menu dropdown-toggle doc-search-cta doc-search-menu-icon doc-menu-toggle hide-md hide-lg hide-xl&amp;quot; aria-label=&amp;quot;Search&amp;quot;&amp;gt;&amp;lt;/button&amp;gt;        &amp;lt;!-- hamburger icon for mobile view --&amp;gt;
        &amp;lt;button class=&amp;quot;collapse-toggle pull-right bs-collapse-toggle&amp;quot; data-target=&amp;quot;primary-menu&amp;quot; id=&amp;quot;primary-menu-toggle&amp;quot; aria-label=&amp;quot;Menu Toggle&amp;quot;&amp;gt;
          &amp;lt;div class=&amp;quot;bar bar1&amp;quot;&amp;gt;&amp;lt;/div&amp;gt;
          &amp;lt;div class=&amp;quot;bar bar2&amp;quot;&amp;gt;&amp;lt;/div&amp;gt;
          &amp;lt;div class=&amp;quot;bar bar3&amp;quot;&amp;gt;&amp;lt;/div&amp;gt;
        &amp;lt;/button&amp;gt;
        &amp;lt;div class=&amp;quot;hide-sm hide-xs bstack-mm-container&amp;quot; id=&amp;quot;primary-menu-container&amp;quot;&amp;gt;
          &amp;lt;div class=&amp;quot;bstack-mm-nav&amp;quot;&amp;gt;&amp;lt;div  class=&amp;quot;bstack-mm-products-nav bstack-mm-li&amp;quot;&amp;gt;&amp;lt;button class=&amp;quot;bstack-mm-btn bstack-mm-btn-products&amp;quot; data-target=&amp;quot;products-dd-menu&amp;quot; id=&amp;quot;products-dd-toggle&amp;quot; aria-label=&amp;quot;Products&amp;quot; aria-expanded=&amp;quot;false&amp;quot; aria-haspopup=&amp;quot;true&amp;quot;&amp;gt;Products&amp;lt;span class=&amp;quot;bstack-mm-down&amp;quot;&amp;gt;&amp;lt;svg class=&amp;quot;bstack-mm-down-svg&amp;quot; role=&amp;quot;presentation&amp;quot; width=&amp;quot;10&amp;quot; height=&amp;quot;6&amp;quot; viewBox=&amp;quot;0 0 10 6&amp;quot; fill=&amp;quot;none&amp;quot; xmlns=&amp;quot;http://www.w3.org/2000/svg&amp;quot;&amp;gt;&amp;lt;path d=&amp;quot;M8.5 1.5L5 5L1.5 1.5&amp;quot; stroke=&amp;quot;#fff&amp;quot; stroke-width=&amp;quot;2&amp;quot; stroke-linecap=&amp;quot;round&amp;quot; stroke-linejoin=&amp;quot;round&amp;quot;/&amp;gt;&amp;lt;/svg&amp;gt;
        &amp;lt;/span&amp;gt;&amp;lt;/button&amp;gt;
&amp;lt;div  id=&amp;quot;products-dd-menu&amp;quot;   class=&amp;quot;bstack-mm-sub-nav&amp;quot; aria-label=&amp;apos;Products&amp;apos; &amp;gt;&amp;lt;div class=&amp;apos;bstack-mm-sub-nav-holder&amp;apos;&amp;gt;
	&amp;lt;div role=&amp;quot;tablist&amp;quot; aria-labelledby=&amp;quot;products-dd-toggle&amp;quot;  class=&amp;quot;bstack-mm-sub-li bstack-mm-sub-li-tabslist&amp;quot;&amp;gt;		&amp;lt;button title=&amp;quot;Web Testing&amp;quot; aria-label=&amp;quot;Web Testing&amp;quot; id=&amp;quot;products-dd-tab-1&amp;quot; type=&amp;quot;button&amp;quot; role=&amp;quot;tab&amp;quot; aria-selected=&amp;quot;true&amp;quot; aria-controls=&amp;quot;products-dd-tabpanel-1&amp;quot; class=&amp;quot;bstack-mm-sub-nav-tab  active &amp;quot; &amp;gt;&amp;lt;span class=&amp;quot;item-text&amp;quot;&amp;gt;Web Testing&amp;lt;/span&amp;gt; &amp;lt;div class=&amp;quot;item-desc&amp;quot;&amp;gt;Test websites or web apps on real browsers&amp;lt;/div&amp;gt;&amp;lt;/button&amp;gt;
		&amp;lt;button title=&amp;quot;App Testing&amp;quot; aria-label=&amp;quot;App Testing&amp;quot; id=&amp;quot;products-dd-tab-2&amp;quot; type=&amp;quot;button&amp;quot; role=&amp;quot;tab&amp;quot; aria-selected=&amp;quot;false&amp;quot; aria-controls=&amp;quot;products-dd-tabpanel-2&amp;quot; class=&amp;quot;bstack-mm-sub-nav-tab &amp;quot; &amp;gt;&amp;lt;span class=&amp;quot;item-text&amp;quot;&amp;gt;App Testing&amp;lt;/span&amp;gt; &amp;lt;div class=&amp;quot;item-desc&amp;quot;&amp;gt;Test iOS &amp;amp;amp; Android mobile apps on real devices&amp;lt;/div&amp;gt;&amp;lt;/button&amp;gt;
&amp;lt;/div&amp;gt;
	&amp;lt;div  class=&amp;quot;bstack-mm-sub-li bstack-mm-sub-li-tabs-content&amp;quot;&amp;gt;		&amp;lt;div class=&amp;quot;bstack-mm-sub-nav-tabpanel-wrapper&amp;quot;&amp;gt;		&amp;lt;div role=&amp;quot;tabpanel&amp;quot; id=&amp;quot;products-dd-tabpanel-1&amp;quot; aria-labelledby=&amp;quot;products-dd-tab-1&amp;quot; class=&amp;quot;bstack-mm-sub-nav-tabpanel&amp;quot; &amp;gt;			&amp;lt;div  class=&amp;quot; bstack-mm-sub-nav-tabcol&amp;quot;&amp;gt;&amp;lt;div class=&amp;quot;bstack-mm-sub-nav-tabpanel-heading  &amp;quot;&amp;gt;&amp;lt;span class=&amp;quot;item-text&amp;quot;&amp;gt;Manual Testing&amp;lt;/span&amp;gt;&amp;lt;/div&amp;gt;				&amp;lt;div &amp;gt;&amp;lt;a title=&amp;quot;Live&amp;quot; href=&amp;quot;/live&amp;quot; class=&amp;quot; bstack-mm-link  bstack-mm-sprite bstack-mm-sprite-8 &amp;quot; aria-label=&amp;quot;Live&amp;quot;&amp;gt;&amp;lt;span class=&amp;quot;item-text&amp;quot;&amp;gt;Live&amp;lt;/span&amp;gt; &amp;lt;div class=&amp;quot;item-desc&amp;quot;&amp;gt;Cross-browser testing &amp;lt;/div&amp;gt;&amp;lt;/a&amp;gt;&amp;lt;/div&amp;gt;
				&amp;lt;div &amp;gt;&amp;lt;a title=&amp;quot;Accessibility Testing&amp;quot; href=&amp;quot;/accessibility-testing&amp;quot; class=&amp;quot; bstack-mm-link  bstack-mm-sprite bstack-mm-sprite-1 &amp;quot; aria-label=&amp;quot;Accessibility Testing&amp;quot;&amp;gt;&amp;lt;span class=&amp;quot;item-text&amp;quot;&amp;gt;Accessibility Testing&amp;lt;/span&amp;gt; &amp;lt;div class=&amp;quot;item-desc&amp;quot;&amp;gt;Test WCAG compliance&amp;lt;/div&amp;gt;&amp;lt;/a&amp;gt;&amp;lt;/div&amp;gt;
&amp;lt;/div&amp;gt;
			&amp;lt;div  class=&amp;quot; bstack-mm-sub-nav-tabcol&amp;quot;&amp;gt;&amp;lt;div class=&amp;quot;bstack-mm-sub-nav-tabpanel-heading  &amp;quot;&amp;gt;&amp;lt;span class=&amp;quot;item-text&amp;quot;&amp;gt;Test Automation&amp;lt;/span&amp;gt;&amp;lt;/div&amp;gt;				&amp;lt;div &amp;gt;&amp;lt;a title=&amp;quot;Automate&amp;quot; href=&amp;quot;/automate&amp;quot; class=&amp;quot; bstack-mm-link  bstack-mm-sprite bstack-mm-sprite-2 &amp;quot; aria-label=&amp;quot;Automate&amp;quot;&amp;gt;&amp;lt;span class=&amp;quot;item-text&amp;quot;&amp;gt;Automate&amp;lt;/span&amp;gt; &amp;lt;div class=&amp;quot;item-desc&amp;quot;&amp;gt;Browser automation grid&amp;lt;/div&amp;gt;&amp;lt;/a&amp;gt;&amp;lt;/div&amp;gt;
				&amp;lt;div &amp;gt;&amp;lt;a title=&amp;quot;Automate TurboScale&amp;quot; href=&amp;quot;/automate-turboscale&amp;quot; class=&amp;quot; bstack-mm-link  bstack-mm-sprite bstack-mm-sprite-11 &amp;quot; aria-label=&amp;quot;Automate TurboScale&amp;quot;&amp;gt;&amp;lt;span class=&amp;quot;item-text&amp;quot;&amp;gt;Automate TurboScale&amp;lt;/span&amp;gt; &amp;lt;div class=&amp;quot;item-desc&amp;quot;&amp;gt;Automation on your Cloud&amp;lt;/div&amp;gt;&amp;lt;/a&amp;gt;&amp;lt;/div&amp;gt;
				&amp;lt;div &amp;gt;&amp;lt;a title=&amp;quot;Accessibility Automation&amp;quot; href=&amp;quot;/accessibility-automation&amp;quot; class=&amp;quot; bstack-mm-link  bstack-mm-sprite bstack-mm-sprite-12 &amp;quot; aria-label=&amp;quot;Accessibility Automation&amp;quot;&amp;gt;&amp;lt;span class=&amp;quot;item-text&amp;quot;&amp;gt;Accessibility Automation&amp;lt;/span&amp;gt; &amp;lt;div class=&amp;quot;item-desc&amp;quot;&amp;gt;Automate WCAG testing&amp;lt;/div&amp;gt;&amp;lt;/a&amp;gt;&amp;lt;/div&amp;gt;
				&amp;lt;div &amp;gt;&amp;lt;a title=&amp;quot;Percy&amp;quot; href=&amp;quot;/percy&amp;quot; class=&amp;quot; bstack-mm-link  bstack-mm-sprite bstack-mm-sprite-5 &amp;quot; aria-label=&amp;quot;Percy&amp;quot;&amp;gt;&amp;lt;span class=&amp;quot;item-text&amp;quot;&amp;gt;Percy&amp;lt;/span&amp;gt; &amp;lt;div class=&amp;quot;item-desc&amp;quot;&amp;gt;Visual testing &amp;amp;amp; review&amp;lt;/div&amp;gt;&amp;lt;/a&amp;gt;&amp;lt;/div&amp;gt;
				&amp;lt;div &amp;gt;&amp;lt;a title=&amp;quot;Low Code Automation&amp;quot; href=&amp;quot;/low-code-automation&amp;quot; class=&amp;quot; bstack-mm-link  bstack-mm-sprite bstack-mm-sprite-10 &amp;quot; aria-label=&amp;quot;Low Code Automation&amp;quot;&amp;gt;&amp;lt;span class=&amp;quot;item-text&amp;quot;&amp;gt;Low Code Automation&amp;lt;/span&amp;gt; &amp;lt;div class=&amp;quot;item-desc&amp;quot;&amp;gt;Automation without coding&amp;lt;/div&amp;gt;&amp;lt;/a&amp;gt;&amp;lt;/div&amp;gt;
&amp;lt;/div&amp;gt;
			&amp;lt;div  class=&amp;quot;bstack-mm-sub-nav-tabcol-third-col bstack-mm-sub-nav-tabcol&amp;quot;&amp;gt;&amp;lt;div class=&amp;quot;bstack-mm-sub-nav-tabpanel-heading  &amp;quot;&amp;gt;&amp;lt;span class=&amp;quot;item-text&amp;quot;&amp;gt;Management &amp;amp;#038; Optimization&amp;lt;/span&amp;gt;&amp;lt;/div&amp;gt;				&amp;lt;div &amp;gt;&amp;lt;a title=&amp;quot;Test Management&amp;quot; href=&amp;quot;/test-management&amp;quot; class=&amp;quot; bstack-mm-link  bstack-mm-sprite bstack-mm-sprite-7 &amp;quot; aria-label=&amp;quot;Test Management&amp;quot;&amp;gt;&amp;lt;span class=&amp;quot;item-text&amp;quot;&amp;gt;Test Management&amp;lt;/span&amp;gt; &amp;lt;div class=&amp;quot;item-desc&amp;quot;&amp;gt;Unify &amp;amp;amp; track all test cases&amp;lt;/div&amp;gt;&amp;lt;/a&amp;gt;&amp;lt;/div&amp;gt;
				&amp;lt;div &amp;gt;&amp;lt;a title=&amp;quot;Test Observability&amp;quot; href=&amp;quot;/test-observability&amp;quot; class=&amp;quot; bstack-mm-link  bstack-mm-sprite bstack-mm-sprite-9 &amp;quot; aria-label=&amp;quot;Test Observability&amp;quot;&amp;gt;&amp;lt;span class=&amp;quot;item-text&amp;quot;&amp;gt;Test Observability&amp;lt;/span&amp;gt; &amp;lt;div class=&amp;quot;item-desc&amp;quot;&amp;gt;Test debugging &amp;amp;amp; insights&amp;lt;/div&amp;gt;&amp;lt;/a&amp;gt;&amp;lt;/div&amp;gt;
&amp;lt;/div&amp;gt;
			&amp;lt;div  class=&amp;quot;bstack-mm-sub-nav-tabcol-fourth-col bstack-mm-sub-nav-tabcol&amp;quot;&amp;gt;&amp;lt;div class=&amp;quot;bstack-mm-sub-nav-tabpanel-heading  &amp;quot;&amp;gt;&amp;lt;span class=&amp;quot;item-text&amp;quot;&amp;gt;For Teams&amp;lt;/span&amp;gt;&amp;lt;/div&amp;gt;				&amp;lt;div &amp;gt;&amp;lt;a title=&amp;quot;Enterprise&amp;quot; href=&amp;quot;/enterprise?ref=header-web-testing&amp;quot; class=&amp;quot; bstack-mm-link &amp;quot; aria-label=&amp;quot;Enterprise&amp;quot;&amp;gt;&amp;lt;span class=&amp;quot;item-text&amp;quot;&amp;gt;Enterprise&amp;lt;/span&amp;gt;&amp;lt;/a&amp;gt;&amp;lt;/div&amp;gt;
				&amp;lt;div &amp;gt;&amp;lt;a title=&amp;quot;Code Quality&amp;quot; href=&amp;quot;/codequality?ref=header-web-testing&amp;quot; class=&amp;quot; bstack-mm-link &amp;quot; aria-label=&amp;quot;Code Quality&amp;quot;&amp;gt;&amp;lt;span class=&amp;quot;item-text&amp;quot;&amp;gt;Code Quality&amp;lt;/span&amp;gt;&amp;lt;/a&amp;gt;&amp;lt;/div&amp;gt;
&amp;lt;/div&amp;gt;
&amp;lt;/div&amp;gt;
		&amp;lt;div role=&amp;quot;tabpanel&amp;quot; id=&amp;quot;products-dd-tabpanel-2&amp;quot; aria-labelledby=&amp;quot;products-dd-tab-2&amp;quot; class=&amp;quot;bstack-mm-sub-nav-tabpanel&amp;quot; &amp;gt;			&amp;lt;div  class=&amp;quot; bstack-mm-sub-nav-tabcol&amp;quot;&amp;gt;&amp;lt;div class=&amp;quot;bstack-mm-sub-nav-tabpanel-heading  &amp;quot;&amp;gt;&amp;lt;span class=&amp;quot;item-text&amp;quot;&amp;gt;Manual Testing&amp;lt;/span&amp;gt;&amp;lt;/div&amp;gt;				&amp;lt;div &amp;gt;&amp;lt;a title=&amp;quot;App Live&amp;quot; href=&amp;quot;/app-live&amp;quot; class=&amp;quot; bstack-mm-link  bstack-mm-sprite bstack-mm-sprite-4 &amp;quot; aria-label=&amp;quot;App Live&amp;quot;&amp;gt;&amp;lt;span class=&amp;quot;item-text&amp;quot;&amp;gt;App Live&amp;lt;/span&amp;gt; &amp;lt;div class=&amp;quot;item-desc&amp;quot;&amp;gt;Real device testing&amp;lt;/div&amp;gt;&amp;lt;/a&amp;gt;&amp;lt;/div&amp;gt;
&amp;lt;/div&amp;gt;
			&amp;lt;div  class=&amp;quot; bstack-mm-sub-nav-tabcol&amp;quot;&amp;gt;&amp;lt;div class=&amp;quot;bstack-mm-sub-nav-tabpanel-heading  &amp;quot;&amp;gt;&amp;lt;span class=&amp;quot;item-text&amp;quot;&amp;gt;Test Automation&amp;lt;/span&amp;gt;&amp;lt;/div&amp;gt;				&amp;lt;div &amp;gt;&amp;lt;a title=&amp;quot;App Automate&amp;quot; href=&amp;quot;/app-automate&amp;quot; class=&amp;quot; bstack-mm-link  bstack-mm-sprite bstack-mm-sprite-3 &amp;quot; aria-label=&amp;quot;App Automate&amp;quot;&amp;gt;&amp;lt;span class=&amp;quot;item-text&amp;quot;&amp;gt;App Automate&amp;lt;/span&amp;gt; &amp;lt;div class=&amp;quot;item-desc&amp;quot;&amp;gt;Real device automation cloud&amp;lt;/div&amp;gt;&amp;lt;/a&amp;gt;&amp;lt;/div&amp;gt;
				&amp;lt;div &amp;gt;&amp;lt;a title=&amp;quot;App Percy&amp;quot; href=&amp;quot;/app-percy&amp;quot; class=&amp;quot; bstack-mm-link  bstack-mm-sprite bstack-mm-sprite-5 &amp;quot; aria-label=&amp;quot;App Percy&amp;quot;&amp;gt;&amp;lt;span class=&amp;quot;item-text&amp;quot;&amp;gt;App Percy&amp;lt;/span&amp;gt; &amp;lt;div class=&amp;quot;item-desc&amp;quot;&amp;gt;Visual testing for mobile apps&amp;lt;/div&amp;gt;&amp;lt;/a&amp;gt;&amp;lt;/div&amp;gt;
&amp;lt;/div&amp;gt;
			&amp;lt;div  class=&amp;quot;bstack-mm-sub-nav-tabcol-third-col bstack-mm-sub-nav-tabcol&amp;quot;&amp;gt;&amp;lt;div class=&amp;quot;bstack-mm-sub-nav-tabpanel-heading  &amp;quot;&amp;gt;&amp;lt;span class=&amp;quot;item-text&amp;quot;&amp;gt;Management &amp;amp;#038; Optimization&amp;lt;/span&amp;gt;&amp;lt;/div&amp;gt;				&amp;lt;div &amp;gt;&amp;lt;a title=&amp;quot;Test Management&amp;quot; href=&amp;quot;/test-management&amp;quot; class=&amp;quot; bstack-mm-link  bstack-mm-sprite bstack-mm-sprite-7 &amp;quot; aria-label=&amp;quot;Test Management&amp;quot;&amp;gt;&amp;lt;span class=&amp;quot;item-text&amp;quot;&amp;gt;Test Management&amp;lt;/span&amp;gt; &amp;lt;div class=&amp;quot;item-desc&amp;quot;&amp;gt;Unify &amp;amp;amp; track all test cases&amp;lt;/div&amp;gt;&amp;lt;/a&amp;gt;&amp;lt;/div&amp;gt;
				&amp;lt;div &amp;gt;&amp;lt;a title=&amp;quot;Test Observability&amp;quot; href=&amp;quot;/test-observability&amp;quot; class=&amp;quot; bstack-mm-link  bstack-mm-sprite bstack-mm-sprite-9 &amp;quot; aria-label=&amp;quot;Test Observability&amp;quot;&amp;gt;&amp;lt;span class=&amp;quot;item-text&amp;quot;&amp;gt;Test Observability&amp;lt;/span&amp;gt; &amp;lt;div class=&amp;quot;item-desc&amp;quot;&amp;gt;Test debugging &amp;amp;amp; insights&amp;lt;/div&amp;gt;&amp;lt;/a&amp;gt;&amp;lt;/div&amp;gt;
&amp;lt;/div&amp;gt;
			&amp;lt;div  class=&amp;quot;bstack-mm-sub-nav-tabcol-fourth-col bstack-mm-sub-nav-tabcol&amp;quot;&amp;gt;&amp;lt;div class=&amp;quot;bstack-mm-sub-nav-tabpanel-heading  &amp;quot;&amp;gt;&amp;lt;span class=&amp;quot;item-text&amp;quot;&amp;gt;For Teams&amp;lt;/span&amp;gt;&amp;lt;/div&amp;gt;				&amp;lt;div &amp;gt;&amp;lt;a title=&amp;quot;Enterprise&amp;quot; href=&amp;quot;/enterprise?ref=header-web-testing&amp;quot; class=&amp;quot; bstack-mm-link &amp;quot; aria-label=&amp;quot;Enterprise&amp;quot;&amp;gt;&amp;lt;span class=&amp;quot;item-text&amp;quot;&amp;gt;Enterprise&amp;lt;/span&amp;gt;&amp;lt;/a&amp;gt;&amp;lt;/div&amp;gt;
				&amp;lt;div &amp;gt;&amp;lt;a title=&amp;quot;Code Quality&amp;quot; href=&amp;quot;/codequality?ref=header-web-testing&amp;quot; class=&amp;quot; bstack-mm-link &amp;quot; aria-label=&amp;quot;Code Quality&amp;quot;&amp;gt;&amp;lt;span class=&amp;quot;item-text&amp;quot;&amp;gt;Code Quality&amp;lt;/span&amp;gt;&amp;lt;/a&amp;gt;&amp;lt;/div&amp;gt;
&amp;lt;/div&amp;gt;
&amp;lt;/div&amp;gt;
		&amp;lt;/div&amp;gt;&amp;lt;div class=&amp;quot;bstack-mm-sub-nav-tabpanel-footer&amp;quot;&amp;gt;			&amp;lt;div  class=&amp;quot;bstack-mm-sub-nav-tabcol-liner bstack-mm-sub-nav-tabcol-liner-web bstack-mm-sub-nav-tabcol&amp;quot;&amp;gt;&amp;lt;div class=&amp;quot;bstack-mm-sub-nav-tabcol-liner-inner &amp;quot;&amp;gt;&amp;lt;div class=&amp;quot;item-desc&amp;quot;&amp;gt;Empower teams with &amp;lt;/div&amp;gt;&amp;lt;a title=&amp;quot;BrowserStack for Enterprise&amp;quot; href=&amp;quot;/enterprise?ref=header-web-testing&amp;quot; class=&amp;quot; bstack-mm-link &amp;quot; aria-label=&amp;quot;BrowserStack for Enterprise&amp;quot;&amp;gt;&amp;lt;span class=&amp;quot;item-text&amp;quot;&amp;gt;BrowserStack for Enterprise  ?&amp;lt;/span&amp;gt;&amp;lt;/a&amp;gt;&amp;lt;/div&amp;gt;&amp;lt;div class=&amp;quot;bstack-mm-sub-nav-tabcol-liner-inner &amp;quot;&amp;gt;&amp;lt;div class=&amp;quot;item-desc&amp;quot;&amp;gt;Explore &amp;lt;/div&amp;gt;&amp;lt;a title=&amp;quot;BrowserStack Code Quality&amp;quot; href=&amp;quot;/codequality?ref=header-web-testing&amp;quot; class=&amp;quot; bstack-mm-link &amp;quot; aria-label=&amp;quot;BrowserStack Code Quality&amp;quot;&amp;gt;&amp;lt;span class=&amp;quot;item-text&amp;quot;&amp;gt;BrowserStack Code Quality ?&amp;lt;/span&amp;gt;&amp;lt;/a&amp;gt;&amp;lt;/div&amp;gt;&amp;lt;/div&amp;gt;
			&amp;lt;div  class=&amp;quot;bstack-mm-sub-nav-tabcol-liner bstack-mm-sub-nav-tabcol-liner-app hide bstack-mm-sub-nav-tabcol&amp;quot;&amp;gt;&amp;lt;div class=&amp;quot;bstack-mm-sub-nav-tabcol-liner-inner &amp;quot;&amp;gt;&amp;lt;div class=&amp;quot;item-desc&amp;quot;&amp;gt;Empower teams with &amp;lt;/div&amp;gt;&amp;lt;a title=&amp;quot;BrowserStack for Enterprise&amp;quot; href=&amp;quot;/enterprise?ref=header-app-testing&amp;quot; class=&amp;quot; bstack-mm-link &amp;quot; aria-label=&amp;quot;BrowserStack for Enterprise&amp;quot;&amp;gt;&amp;lt;span class=&amp;quot;item-text&amp;quot;&amp;gt;BrowserStack for Enterprise  ?&amp;lt;/span&amp;gt;&amp;lt;/a&amp;gt;&amp;lt;/div&amp;gt;&amp;lt;div class=&amp;quot;bstack-mm-sub-nav-tabcol-liner-inner &amp;quot;&amp;gt;&amp;lt;div class=&amp;quot;item-desc&amp;quot;&amp;gt;Explore &amp;lt;/div&amp;gt;&amp;lt;a title=&amp;quot;BrowserStack Code Quality&amp;quot; href=&amp;quot;/codequality?ref=header-app-testing&amp;quot; class=&amp;quot; bstack-mm-link &amp;quot; aria-label=&amp;quot;BrowserStack Code Quality&amp;quot;&amp;gt;&amp;lt;span class=&amp;quot;item-text&amp;quot;&amp;gt;BrowserStack Code Quality ?&amp;lt;/span&amp;gt;&amp;lt;/a&amp;gt;&amp;lt;/div&amp;gt;&amp;lt;/div&amp;gt;
&amp;lt;/div&amp;gt;
&amp;lt;/div&amp;gt;
&amp;lt;/div&amp;gt;&amp;lt;/div&amp;gt;
&amp;lt;/div&amp;gt;
&amp;lt;div  class=&amp;quot;bstack-mm-developers-nav bstack-mm-li&amp;quot;&amp;gt;&amp;lt;button class=&amp;quot;bstack-mm-btn bstack-mm-btn-developers&amp;quot; data-target=&amp;quot;developers-dd-menu&amp;quot; id=&amp;quot;developers-dd-toggle&amp;quot; aria-label=&amp;quot;Developers&amp;quot; aria-expanded=&amp;quot;false&amp;quot; aria-haspopup=&amp;quot;true&amp;quot;&amp;gt;Developers&amp;lt;span class=&amp;quot;bstack-mm-down&amp;quot;&amp;gt;&amp;lt;svg class=&amp;quot;bstack-mm-down-svg&amp;quot; role=&amp;quot;presentation&amp;quot; width=&amp;quot;10&amp;quot; height=&amp;quot;6&amp;quot; viewBox=&amp;quot;0 0 10 6&amp;quot; fill=&amp;quot;none&amp;quot; xmlns=&amp;quot;http://www.w3.org/2000/svg&amp;quot;&amp;gt;&amp;lt;path d=&amp;quot;M8.5 1.5L5 5L1.5 1.5&amp;quot; stroke=&amp;quot;#fff&amp;quot; stroke-width=&amp;quot;2&amp;quot; stroke-linecap=&amp;quot;round&amp;quot; stroke-linejoin=&amp;quot;round&amp;quot;/&amp;gt;&amp;lt;/svg&amp;gt;
        &amp;lt;/span&amp;gt;&amp;lt;/button&amp;gt;
&amp;lt;div  id=&amp;quot;developers-dd-menu&amp;quot;   class=&amp;quot;bstack-mm-sub-nav&amp;quot; aria-label=&amp;apos;Developers&amp;apos; &amp;gt;&amp;lt;div class=&amp;apos;bstack-mm-sub-nav-holder&amp;apos;&amp;gt;
	&amp;lt;div  class=&amp;quot;bstack-mm-sub-li&amp;quot;&amp;gt;&amp;lt;a title=&amp;quot;Documentation&amp;quot; href=&amp;quot;/docs&amp;quot; class=&amp;quot; bstack-mm-link  bstack-mm-dev-link-documentation &amp;quot; aria-label=&amp;quot;Documentation&amp;quot;&amp;gt;&amp;lt;span class=&amp;quot;item-text&amp;quot;&amp;gt;Documentation&amp;lt;/span&amp;gt;&amp;lt;/a&amp;gt;&amp;lt;/div&amp;gt;
	&amp;lt;div  class=&amp;quot;bstack-mm-sub-li&amp;quot;&amp;gt;&amp;lt;a title=&amp;quot;Support&amp;quot; href=&amp;quot;/support&amp;quot; class=&amp;quot; bstack-mm-link  bstack-mm-dev-link-support &amp;quot; aria-label=&amp;quot;Support&amp;quot;&amp;gt;&amp;lt;span class=&amp;quot;item-text&amp;quot;&amp;gt;Support&amp;lt;/span&amp;gt;&amp;lt;/a&amp;gt;&amp;lt;/div&amp;gt;
	&amp;lt;div  class=&amp;quot;bstack-mm-sub-li&amp;quot;&amp;gt;&amp;lt;a title=&amp;quot;Status&amp;quot; href=&amp;quot;https://status.browserstack.com&amp;quot; class=&amp;quot; bstack-mm-link  bstack-mm-dev-link-status &amp;quot; aria-label=&amp;quot;Status&amp;quot;&amp;gt;&amp;lt;span class=&amp;quot;item-text&amp;quot;&amp;gt;Status&amp;lt;/span&amp;gt;&amp;lt;/a&amp;gt;&amp;lt;/div&amp;gt;
	&amp;lt;div  class=&amp;quot;bstack-mm-sub-li&amp;quot;&amp;gt;&amp;lt;a title=&amp;quot;Release Notes&amp;quot; href=&amp;quot;/release-notes&amp;quot; class=&amp;quot; bstack-mm-link  bstack-mm-dev-link-release-notes &amp;quot; aria-label=&amp;quot;Release Notes&amp;quot;&amp;gt;&amp;lt;span class=&amp;quot;item-text&amp;quot;&amp;gt;Release Notes&amp;lt;/span&amp;gt;&amp;lt;/a&amp;gt;&amp;lt;/div&amp;gt;
	&amp;lt;div  class=&amp;quot;bstack-mm-sub-li&amp;quot;&amp;gt;&amp;lt;a title=&amp;quot;Open Source&amp;quot; href=&amp;quot;/open-source&amp;quot; class=&amp;quot; bstack-mm-link  bstack-mm-dev-link-open-source &amp;quot; aria-label=&amp;quot;Open Source&amp;quot;&amp;gt;&amp;lt;span class=&amp;quot;item-text&amp;quot;&amp;gt;Open Source&amp;lt;/span&amp;gt;&amp;lt;/a&amp;gt;&amp;lt;/div&amp;gt;
	&amp;lt;div  class=&amp;quot;bstack-mm-sub-li&amp;quot;&amp;gt;&amp;lt;a title=&amp;quot;Events&amp;quot; href=&amp;quot;/events&amp;quot; class=&amp;quot; bstack-mm-link  bstack-mm-dev-link-events &amp;quot; aria-label=&amp;quot;Events&amp;quot;&amp;gt;&amp;lt;span class=&amp;quot;item-text&amp;quot;&amp;gt;Events&amp;lt;/span&amp;gt;&amp;lt;/a&amp;gt;&amp;lt;/div&amp;gt;
	&amp;lt;div  class=&amp;quot;bstack-mm-sub-li&amp;quot;&amp;gt;&amp;lt;a title=&amp;quot;Test University Beta&amp;quot; href=&amp;quot;/test-university&amp;quot; class=&amp;quot; bstack-mm-link  bstack-mm-dev-link-test-university &amp;quot; aria-label=&amp;quot;Test University Beta&amp;quot;&amp;gt;&amp;lt;span class=&amp;quot;item-text&amp;quot;&amp;gt;Test University &amp;lt;span class=&amp;quot;btn-badge btn-primary&amp;quot;&amp;gt;Beta&amp;lt;/span&amp;gt;&amp;lt;/span&amp;gt;&amp;lt;/a&amp;gt;&amp;lt;/div&amp;gt;
	&amp;lt;div  class=&amp;quot;bstack-mm-sub-li&amp;quot;&amp;gt;&amp;lt;a title=&amp;quot;Champions&amp;quot; href=&amp;quot;/browserstack-champions&amp;quot; class=&amp;quot; bstack-mm-link  bstack-mm-dev-link-browserstack-champions &amp;quot; aria-label=&amp;quot;Champions&amp;quot;&amp;gt;&amp;lt;span class=&amp;quot;item-text&amp;quot;&amp;gt;Champions&amp;lt;/span&amp;gt;&amp;lt;/a&amp;gt;&amp;lt;/div&amp;gt;
&amp;lt;/div&amp;gt;&amp;lt;/div&amp;gt;
&amp;lt;/div&amp;gt;
&amp;lt;div  class=&amp;quot;bstack-mm-developers-new-nav vwo-hide bstack-mm-li&amp;quot;&amp;gt;&amp;lt;button class=&amp;quot;bstack-mm-btn bstack-mm-btn-developers&amp;quot; data-target=&amp;quot;developers-new-dd-menu&amp;quot; id=&amp;quot;developers-new-dd-toggle&amp;quot; aria-label=&amp;quot;Developers&amp;quot; aria-expanded=&amp;quot;false&amp;quot; aria-haspopup=&amp;quot;true&amp;quot;&amp;gt;Developers&amp;lt;span class=&amp;quot;bstack-mm-down&amp;quot;&amp;gt;&amp;lt;svg class=&amp;quot;bstack-mm-down-svg&amp;quot; role=&amp;quot;presentation&amp;quot; width=&amp;quot;10&amp;quot; height=&amp;quot;6&amp;quot; viewBox=&amp;quot;0 0 10 6&amp;quot; fill=&amp;quot;none&amp;quot; xmlns=&amp;quot;http://www.w3.org/2000/svg&amp;quot;&amp;gt;&amp;lt;path d=&amp;quot;M8.5 1.5L5 5L1.5 1.5&amp;quot; stroke=&amp;quot;#fff&amp;quot; stroke-width=&amp;quot;2&amp;quot; stroke-linecap=&amp;quot;round&amp;quot; stroke-linejoin=&amp;quot;round&amp;quot;/&amp;gt;&amp;lt;/svg&amp;gt;
        &amp;lt;/span&amp;gt;&amp;lt;/button&amp;gt;
&amp;lt;div  id=&amp;quot;developers-new-dd-menu&amp;quot;   class=&amp;quot; no-ad-space   bstack-mm-sub-nav&amp;quot; aria-label=&amp;apos;Developers&amp;apos; &amp;gt;&amp;lt;div class=&amp;apos;bstack-mm-sub-nav-holder&amp;apos;&amp;gt;
	&amp;lt;div  class=&amp;quot;bstack-mm-sub-li&amp;quot;&amp;gt;&amp;lt;div class=&amp;quot;   bstack-mm-dev-sprite bstack-mm-dev-sprite-1  bstack-mm-sub-nav-heading&amp;quot;&amp;gt;&amp;lt;span class=&amp;quot;item-text&amp;quot;&amp;gt;Get Started&amp;lt;/span&amp;gt;&amp;lt;/div&amp;gt;		&amp;lt;div &amp;gt;&amp;lt;a title=&amp;quot;Documentation&amp;quot; href=&amp;quot;/docs&amp;quot; class=&amp;quot; bstack-mm-link &amp;quot; aria-label=&amp;quot;Documentation&amp;quot;&amp;gt;&amp;lt;span class=&amp;quot;item-text&amp;quot;&amp;gt;Documentation&amp;lt;/span&amp;gt;&amp;lt;/a&amp;gt;&amp;lt;/div&amp;gt;
		&amp;lt;div &amp;gt;&amp;lt;a title=&amp;quot;Integrations&amp;quot; href=&amp;quot;/integrations&amp;quot; class=&amp;quot; bstack-mm-link &amp;quot; aria-label=&amp;quot;Integrations&amp;quot;&amp;gt;&amp;lt;span class=&amp;quot;item-text&amp;quot;&amp;gt;Integrations&amp;lt;/span&amp;gt;&amp;lt;/a&amp;gt;&amp;lt;/div&amp;gt;
		&amp;lt;div &amp;gt;&amp;lt;a title=&amp;quot;Code Samples&amp;quot; target=&amp;quot;_blank&amp;quot; rel=&amp;quot;noopener&amp;quot; href=&amp;quot;https://github.com/browserstack&amp;quot; class=&amp;quot; bstack-mm-link &amp;quot; aria-label=&amp;quot;Code Samples&amp;quot;&amp;gt;&amp;lt;span class=&amp;quot;item-text&amp;quot;&amp;gt;Code Samples&amp;lt;/span&amp;gt;&amp;lt;/a&amp;gt;&amp;lt;/div&amp;gt;
		&amp;lt;div &amp;gt;&amp;lt;a title=&amp;quot;Release Notes&amp;quot; href=&amp;quot;/release-notes&amp;quot; class=&amp;quot; bstack-mm-link &amp;quot; aria-label=&amp;quot;Release Notes&amp;quot;&amp;gt;&amp;lt;span class=&amp;quot;item-text&amp;quot;&amp;gt;Release Notes&amp;lt;/span&amp;gt;&amp;lt;/a&amp;gt;&amp;lt;/div&amp;gt;
&amp;lt;/div&amp;gt;
	&amp;lt;div  class=&amp;quot;bstack-mm-sub-li&amp;quot;&amp;gt;&amp;lt;div class=&amp;quot;   bstack-mm-dev-sprite bstack-mm-dev-sprite-2  bstack-mm-sub-nav-heading&amp;quot;&amp;gt;&amp;lt;span class=&amp;quot;item-text&amp;quot;&amp;gt;Platform&amp;lt;/span&amp;gt;&amp;lt;/div&amp;gt;		&amp;lt;div &amp;gt;&amp;lt;a title=&amp;quot;Browsers &amp;amp;amp; Devices&amp;quot; href=&amp;quot;/list-of-browsers-and-platforms/live&amp;quot; class=&amp;quot; bstack-mm-link &amp;quot; aria-label=&amp;quot;Browsers &amp;amp;amp; Devices&amp;quot;&amp;gt;&amp;lt;span class=&amp;quot;item-text&amp;quot;&amp;gt;Browsers &amp;amp;#038; Devices&amp;lt;/span&amp;gt;&amp;lt;/a&amp;gt;&amp;lt;/div&amp;gt;
		&amp;lt;div &amp;gt;&amp;lt;a title=&amp;quot;Data Centres&amp;quot; href=&amp;quot;/data-centers&amp;quot; class=&amp;quot; bstack-mm-link &amp;quot; aria-label=&amp;quot;Data Centres&amp;quot;&amp;gt;&amp;lt;span class=&amp;quot;item-text&amp;quot;&amp;gt;Data Centres&amp;lt;/span&amp;gt;&amp;lt;/a&amp;gt;&amp;lt;/div&amp;gt;
		&amp;lt;div &amp;gt;&amp;lt;a title=&amp;quot;Device Features&amp;quot; href=&amp;quot;/device-features&amp;quot; class=&amp;quot; bstack-mm-link &amp;quot; aria-label=&amp;quot;Device Features&amp;quot;&amp;gt;&amp;lt;span class=&amp;quot;item-text&amp;quot;&amp;gt;Device Features&amp;lt;/span&amp;gt;&amp;lt;/a&amp;gt;&amp;lt;/div&amp;gt;
		&amp;lt;div &amp;gt;&amp;lt;a title=&amp;quot;Local Testing&amp;quot; href=&amp;quot;/docs/local-testing&amp;quot; class=&amp;quot; bstack-mm-link &amp;quot; aria-label=&amp;quot;Local Testing&amp;quot;&amp;gt;&amp;lt;span class=&amp;quot;item-text&amp;quot;&amp;gt;Local Testing&amp;lt;/span&amp;gt;&amp;lt;/a&amp;gt;&amp;lt;/div&amp;gt;
		&amp;lt;div &amp;gt;&amp;lt;a title=&amp;quot;Security&amp;quot; href=&amp;quot;/security&amp;quot; class=&amp;quot; bstack-mm-link &amp;quot; aria-label=&amp;quot;Security&amp;quot;&amp;gt;&amp;lt;span class=&amp;quot;item-text&amp;quot;&amp;gt;Security&amp;lt;/span&amp;gt;&amp;lt;/a&amp;gt;&amp;lt;/div&amp;gt;
&amp;lt;/div&amp;gt;
	&amp;lt;div  class=&amp;quot;bstack-mm-sub-li&amp;quot;&amp;gt;&amp;lt;div class=&amp;quot;   bstack-mm-dev-sprite bstack-mm-dev-sprite-3  bstack-mm-sub-nav-heading&amp;quot;&amp;gt;&amp;lt;span class=&amp;quot;item-text&amp;quot;&amp;gt;Open Source&amp;lt;/span&amp;gt;&amp;lt;/div&amp;gt;		&amp;lt;div &amp;gt;&amp;lt;a title=&amp;quot;Nightwatch v3&amp;quot; target=&amp;quot;_blank&amp;quot; rel=&amp;quot;noopener&amp;quot; href=&amp;quot;https://nightwatchjs.org&amp;quot; class=&amp;quot; bstack-mm-link &amp;quot; aria-label=&amp;quot;Nightwatch v3&amp;quot;&amp;gt;&amp;lt;span class=&amp;quot;item-text&amp;quot;&amp;gt;Nightwatch v3&amp;lt;/span&amp;gt;&amp;lt;/a&amp;gt;&amp;lt;/div&amp;gt;
		&amp;lt;div &amp;gt;&amp;lt;a title=&amp;quot;Enigma&amp;quot; target=&amp;quot;_blank&amp;quot; rel=&amp;quot;noopener&amp;quot; href=&amp;quot;https://github.com/browserstack/enigma&amp;quot; class=&amp;quot; bstack-mm-link &amp;quot; aria-label=&amp;quot;Enigma&amp;quot;&amp;gt;&amp;lt;span class=&amp;quot;item-text&amp;quot;&amp;gt;Enigma&amp;lt;/span&amp;gt;&amp;lt;/a&amp;gt;&amp;lt;/div&amp;gt;
		&amp;lt;div &amp;gt;&amp;lt;a title=&amp;quot;Open Source Program&amp;quot; href=&amp;quot;/open-source&amp;quot; class=&amp;quot; bstack-mm-link &amp;quot; aria-label=&amp;quot;Open Source Program&amp;quot;&amp;gt;&amp;lt;span class=&amp;quot;item-text&amp;quot;&amp;gt;Open Source Program&amp;lt;/span&amp;gt;&amp;lt;/a&amp;gt;&amp;lt;/div&amp;gt;
&amp;lt;/div&amp;gt;
&amp;lt;/div&amp;gt;&amp;lt;/div&amp;gt;
&amp;lt;/div&amp;gt;
&amp;lt;div  class=&amp;quot;bstack-mm-resources-new-nav vwo-hide bstack-mm-li&amp;quot;&amp;gt;&amp;lt;button class=&amp;quot;bstack-mm-btn bstack-mm-btn-resources&amp;quot; data-target=&amp;quot;resources-new-dd-menu&amp;quot; id=&amp;quot;resources-new-dd-toggle&amp;quot; aria-label=&amp;quot;Resources&amp;quot; aria-expanded=&amp;quot;false&amp;quot; aria-haspopup=&amp;quot;true&amp;quot;&amp;gt;Resources&amp;lt;span class=&amp;quot;bstack-mm-down&amp;quot;&amp;gt;&amp;lt;svg class=&amp;quot;bstack-mm-down-svg&amp;quot; role=&amp;quot;presentation&amp;quot; width=&amp;quot;10&amp;quot; height=&amp;quot;6&amp;quot; viewBox=&amp;quot;0 0 10 6&amp;quot; fill=&amp;quot;none&amp;quot; xmlns=&amp;quot;http://www.w3.org/2000/svg&amp;quot;&amp;gt;&amp;lt;path d=&amp;quot;M8.5 1.5L5 5L1.5 1.5&amp;quot; stroke=&amp;quot;#fff&amp;quot; stroke-width=&amp;quot;2&amp;quot; stroke-linecap=&amp;quot;round&amp;quot; stroke-linejoin=&amp;quot;round&amp;quot;/&amp;gt;&amp;lt;/svg&amp;gt;
        &amp;lt;/span&amp;gt;&amp;lt;/button&amp;gt;
&amp;lt;div  id=&amp;quot;resources-new-dd-menu&amp;quot;   class=&amp;quot; no-ad-space   bstack-mm-sub-nav&amp;quot; aria-label=&amp;apos;Resources&amp;apos; &amp;gt;&amp;lt;div class=&amp;apos;bstack-mm-sub-nav-holder&amp;apos;&amp;gt;
	&amp;lt;div  class=&amp;quot;bstack-mm-sub-li&amp;quot;&amp;gt;&amp;lt;div class=&amp;quot;   bstack-mm-dev-sprite bstack-mm-dev-sprite-4  bstack-mm-sub-nav-heading&amp;quot;&amp;gt;&amp;lt;span class=&amp;quot;item-text&amp;quot;&amp;gt;Support&amp;lt;/span&amp;gt;&amp;lt;/div&amp;gt;		&amp;lt;div &amp;gt;&amp;lt;a title=&amp;quot;Support Center&amp;quot; href=&amp;quot;/support&amp;quot; class=&amp;quot; bstack-mm-link &amp;quot; aria-label=&amp;quot;Support Center&amp;quot;&amp;gt;&amp;lt;span class=&amp;quot;item-text&amp;quot;&amp;gt;Support Center&amp;lt;/span&amp;gt;&amp;lt;/a&amp;gt;&amp;lt;/div&amp;gt;
		&amp;lt;div &amp;gt;&amp;lt;a title=&amp;quot;Contact Us&amp;quot; href=&amp;quot;/contact&amp;quot; class=&amp;quot; bstack-mm-link &amp;quot; aria-label=&amp;quot;Contact Us&amp;quot;&amp;gt;&amp;lt;span class=&amp;quot;item-text&amp;quot;&amp;gt;Contact Us&amp;lt;/span&amp;gt;&amp;lt;/a&amp;gt;&amp;lt;/div&amp;gt;
		&amp;lt;div &amp;gt;&amp;lt;a title=&amp;quot;Status&amp;quot; href=&amp;quot;https://status.browserstack.com&amp;quot; class=&amp;quot; bstack-mm-link &amp;quot; aria-label=&amp;quot;Status&amp;quot;&amp;gt;&amp;lt;span class=&amp;quot;item-text&amp;quot;&amp;gt;Status&amp;lt;/span&amp;gt;&amp;lt;/a&amp;gt;&amp;lt;/div&amp;gt;
		&amp;lt;div  class=&amp;quot;open-csf-form&amp;quot;&amp;gt;&amp;lt;a title=&amp;quot;Get A Demo&amp;quot; href=&amp;quot;#&amp;quot; class=&amp;quot; bstack-mm-link &amp;quot; aria-label=&amp;quot;Get A Demo&amp;quot;&amp;gt;&amp;lt;span class=&amp;quot;item-text&amp;quot;&amp;gt;Get A Demo&amp;lt;/span&amp;gt;&amp;lt;/a&amp;gt;&amp;lt;/div&amp;gt;
&amp;lt;/div&amp;gt;
	&amp;lt;div  class=&amp;quot;bstack-mm-sub-li&amp;quot;&amp;gt;&amp;lt;div class=&amp;quot;   bstack-mm-dev-sprite bstack-mm-dev-sprite-5  bstack-mm-sub-nav-heading&amp;quot;&amp;gt;&amp;lt;span class=&amp;quot;item-text&amp;quot;&amp;gt;Learn &amp;amp; Discover&amp;lt;/span&amp;gt;&amp;lt;/div&amp;gt;		&amp;lt;div &amp;gt;&amp;lt;a title=&amp;quot;Case Studies&amp;quot; href=&amp;quot;/case-study&amp;quot; class=&amp;quot; bstack-mm-link &amp;quot; aria-label=&amp;quot;Case Studies&amp;quot;&amp;gt;&amp;lt;span class=&amp;quot;item-text&amp;quot;&amp;gt;Case Studies&amp;lt;/span&amp;gt;&amp;lt;/a&amp;gt;&amp;lt;/div&amp;gt;
		&amp;lt;div &amp;gt;&amp;lt;a title=&amp;quot;Events&amp;quot; href=&amp;quot;/events&amp;quot; class=&amp;quot; bstack-mm-link &amp;quot; aria-label=&amp;quot;Events&amp;quot;&amp;gt;&amp;lt;span class=&amp;quot;item-text&amp;quot;&amp;gt;Events&amp;lt;/span&amp;gt;&amp;lt;/a&amp;gt;&amp;lt;/div&amp;gt;
		&amp;lt;div &amp;gt;&amp;lt;a title=&amp;quot;Test University&amp;quot; href=&amp;quot;/test-university&amp;quot; class=&amp;quot; bstack-mm-link &amp;quot; aria-label=&amp;quot;Test University&amp;quot;&amp;gt;&amp;lt;span class=&amp;quot;item-text&amp;quot;&amp;gt;Test University&amp;lt;/span&amp;gt;&amp;lt;/a&amp;gt;&amp;lt;/div&amp;gt;
		&amp;lt;div &amp;gt;&amp;lt;a title=&amp;quot;Blogs&amp;quot; href=&amp;quot;/blog&amp;quot; class=&amp;quot; bstack-mm-link &amp;quot; aria-label=&amp;quot;Blogs&amp;quot;&amp;gt;&amp;lt;span class=&amp;quot;item-text&amp;quot;&amp;gt;Blogs&amp;lt;/span&amp;gt;&amp;lt;/a&amp;gt;&amp;lt;/div&amp;gt;
		&amp;lt;div &amp;gt;&amp;lt;a title=&amp;quot;Champions&amp;quot; href=&amp;quot;/browserstack-champions&amp;quot; class=&amp;quot; bstack-mm-link &amp;quot; aria-label=&amp;quot;Champions&amp;quot;&amp;gt;&amp;lt;span class=&amp;quot;item-text&amp;quot;&amp;gt;Champions&amp;lt;/span&amp;gt;&amp;lt;/a&amp;gt;&amp;lt;/div&amp;gt;
&amp;lt;/div&amp;gt;
	&amp;lt;div  class=&amp;quot;bstack-mm-sub-li&amp;quot;&amp;gt;&amp;lt;div class=&amp;quot;   bstack-mm-dev-sprite bstack-mm-dev-sprite-6  bstack-mm-sub-nav-heading&amp;quot;&amp;gt;&amp;lt;span class=&amp;quot;item-text&amp;quot;&amp;gt;Free Tools&amp;lt;/span&amp;gt;&amp;lt;/div&amp;gt;		&amp;lt;div &amp;gt;&amp;lt;a title=&amp;quot;SpeedLab&amp;quot; href=&amp;quot;/speedlab/home&amp;quot; class=&amp;quot; bstack-mm-link &amp;quot; aria-label=&amp;quot;SpeedLab&amp;quot;&amp;gt;&amp;lt;span class=&amp;quot;item-text&amp;quot;&amp;gt;SpeedLab&amp;lt;/span&amp;gt;&amp;lt;/a&amp;gt;&amp;lt;/div&amp;gt;
		&amp;lt;div &amp;gt;&amp;lt;a title=&amp;quot;Responsive&amp;quot; href=&amp;quot;/responsive&amp;quot; class=&amp;quot; bstack-mm-link &amp;quot; aria-label=&amp;quot;Responsive&amp;quot;&amp;gt;&amp;lt;span class=&amp;quot;item-text&amp;quot;&amp;gt;Responsive&amp;lt;/span&amp;gt;&amp;lt;/a&amp;gt;&amp;lt;/div&amp;gt;
		&amp;lt;div &amp;gt;&amp;lt;a title=&amp;quot;Screenshots&amp;quot; href=&amp;quot;/screenshots&amp;quot; class=&amp;quot; bstack-mm-link &amp;quot; aria-label=&amp;quot;Screenshots&amp;quot;&amp;gt;&amp;lt;span class=&amp;quot;item-text&amp;quot;&amp;gt;Screenshots&amp;lt;/span&amp;gt;&amp;lt;/a&amp;gt;&amp;lt;/div&amp;gt;
&amp;lt;/div&amp;gt;
	&amp;lt;div  class=&amp;quot;bstack-mm-sub-li&amp;quot;&amp;gt;&amp;lt;div class=&amp;quot;   bstack-mm-dev-sprite bstack-mm-dev-sprite-7  bstack-mm-sub-nav-heading&amp;quot;&amp;gt;&amp;lt;span class=&amp;quot;item-text&amp;quot;&amp;gt;Company&amp;lt;/span&amp;gt;&amp;lt;/div&amp;gt;		&amp;lt;div &amp;gt;&amp;lt;a title=&amp;quot;Customers&amp;quot; href=&amp;quot;/customers&amp;quot; class=&amp;quot; bstack-mm-link &amp;quot; aria-label=&amp;quot;Customers&amp;quot;&amp;gt;&amp;lt;span class=&amp;quot;item-text&amp;quot;&amp;gt;Customers&amp;lt;/span&amp;gt;&amp;lt;/a&amp;gt;&amp;lt;/div&amp;gt;
		&amp;lt;div &amp;gt;&amp;lt;a title=&amp;quot;About Us&amp;quot; href=&amp;quot;/company&amp;quot; class=&amp;quot; bstack-mm-link &amp;quot; aria-label=&amp;quot;About Us&amp;quot;&amp;gt;&amp;lt;span class=&amp;quot;item-text&amp;quot;&amp;gt;About Us&amp;lt;/span&amp;gt;&amp;lt;/a&amp;gt;&amp;lt;/div&amp;gt;
		&amp;lt;div &amp;gt;&amp;lt;a title=&amp;quot;Partners&amp;quot; href=&amp;quot;/partners&amp;quot; class=&amp;quot; bstack-mm-link &amp;quot; aria-label=&amp;quot;Partners&amp;quot;&amp;gt;&amp;lt;span class=&amp;quot;item-text&amp;quot;&amp;gt;Partners&amp;lt;/span&amp;gt;&amp;lt;/a&amp;gt;&amp;lt;/div&amp;gt;
		&amp;lt;div &amp;gt;&amp;lt;a title=&amp;quot;Careers&amp;quot; href=&amp;quot;/careers&amp;quot; class=&amp;quot; bstack-mm-link &amp;quot; aria-label=&amp;quot;Careers&amp;quot;&amp;gt;&amp;lt;span class=&amp;quot;item-text&amp;quot;&amp;gt;Careers&amp;lt;/span&amp;gt;&amp;lt;/a&amp;gt;&amp;lt;/div&amp;gt;
		&amp;lt;div &amp;gt;&amp;lt;a title=&amp;quot;Press&amp;quot; href=&amp;quot;/press&amp;quot; class=&amp;quot; bstack-mm-link &amp;quot; aria-label=&amp;quot;Press&amp;quot;&amp;gt;&amp;lt;span class=&amp;quot;item-text&amp;quot;&amp;gt;Press&amp;lt;/span&amp;gt;&amp;lt;/a&amp;gt;&amp;lt;/div&amp;gt;
&amp;lt;/div&amp;gt;
&amp;lt;/div&amp;gt;&amp;lt;/div&amp;gt;
&amp;lt;/div&amp;gt;
&amp;lt;div  class=&amp;quot;bstack-mm-li&amp;quot;&amp;gt;&amp;lt;a title=&amp;quot;Live for Teams&amp;quot; href=&amp;quot;/live-for-teams&amp;quot; class=&amp;quot; bstack-mm-link  bstack-mm-main-link-live-for-teams &amp;quot; aria-label=&amp;quot;Live for Teams&amp;quot;&amp;gt;&amp;lt;span class=&amp;quot;item-text&amp;quot;&amp;gt;Live for Teams&amp;lt;/span&amp;gt;&amp;lt;/a&amp;gt;&amp;lt;/div&amp;gt;
&amp;lt;div  class=&amp;quot;bstack-mm-li&amp;quot;&amp;gt;&amp;lt;a title=&amp;quot;Pricing&amp;quot; href=&amp;quot;/pricing&amp;quot; class=&amp;quot; bstack-mm-link  bstack-mm-main-link-pricing &amp;quot; aria-label=&amp;quot;Pricing&amp;quot;&amp;gt;&amp;lt;span class=&amp;quot;item-text&amp;quot;&amp;gt;Pricing&amp;lt;/span&amp;gt;&amp;lt;/a&amp;gt;&amp;lt;/div&amp;gt;
&amp;lt;/div&amp;gt;&amp;lt;div class=&amp;quot;bstack-mm-nav bstack-mm-nav--right&amp;quot;&amp;gt;&amp;lt;div  class=&amp;quot;sign-in-link bstack-mm-li&amp;quot;&amp;gt;&amp;lt;a title=&amp;quot;Sign in&amp;quot; href=&amp;quot;/users/sign_in&amp;quot; class=&amp;quot; bstack-mm-link  bstack-mm-main-link-sign-in &amp;quot; aria-label=&amp;quot;Sign in&amp;quot;&amp;gt;&amp;lt;span class=&amp;quot;item-text&amp;quot;&amp;gt;Sign in&amp;lt;/span&amp;gt;&amp;lt;/a&amp;gt;&amp;lt;/div&amp;gt;
&amp;lt;div  class=&amp;quot;free-trial-btn bstack-mm-li&amp;quot;&amp;gt;&amp;lt;a title=&amp;quot;Free Trial&amp;quot; href=&amp;quot;/users/sign_up&amp;quot; class=&amp;quot; bstack-mm-link  bstack-mm-cta-white bstack-mm-main-link-free-trial &amp;quot; aria-label=&amp;quot;Free Trial&amp;quot;&amp;gt;&amp;lt;span class=&amp;quot;item-text&amp;quot;&amp;gt;Free Trial&amp;lt;/span&amp;gt;&amp;lt;/a&amp;gt;&amp;lt;/div&amp;gt;
&amp;lt;/div&amp;gt;        &amp;lt;/div&amp;gt;
        &amp;lt;button class=&amp;quot;bstack-mm-search-menu  doc-search-menu dropdown-toggle doc-search-cta doc-search-menu-icon doc-menu-toggle hide-sm hide-xs&amp;quot; aria-label=&amp;quot;Search&amp;quot;&amp;gt;&amp;lt;/button&amp;gt;      &amp;lt;/div&amp;gt;
    &amp;lt;/div&amp;gt;
  &amp;lt;/div&amp;gt;
&amp;lt;/div&amp;gt;			&amp;lt;div class=&amp;quot;ds__container&amp;quot; id=&amp;quot;doc-search-container&amp;quot;&amp;gt;
				&amp;lt;div class=&amp;quot;ds__overlay&amp;quot; id=&amp;quot;doc-search-overlay&amp;quot;&amp;gt;&amp;lt;/div&amp;gt;
				&amp;lt;nav class=&amp;quot;ds__top-bar&amp;quot;&amp;gt;
					&amp;lt;div class=&amp;quot;container&amp;quot;&amp;gt;
						&amp;lt;div class=&amp;quot;ds__input__container input-box-focused&amp;quot;&amp;gt;
							&amp;lt;div id=&amp;quot;doc-search-box&amp;quot; class=&amp;quot;doc-search-box&amp;quot;&amp;gt;
								&amp;lt;div class=&amp;quot;ais-SearchBox&amp;quot;&amp;gt;
									&amp;lt;form action=&amp;quot;/search&amp;quot; method=&amp;quot;get&amp;quot; role=&amp;quot;search&amp;quot; class=&amp;quot;ais-SearchBox-form&amp;quot; onsubmit=&amp;quot;return validateSearchForm()&amp;quot;&amp;gt; &amp;lt;input class=&amp;quot;ais-SearchBox-input&amp;quot; id=&amp;quot;doc-search-box-input&amp;quot; name=&amp;quot;query&amp;quot; type=&amp;quot;search&amp;quot; placeholder=&amp;quot;Search across browserstack.com&amp;quot; autocomplete=&amp;quot;off&amp;quot; autocorrect=&amp;quot;off&amp;quot; autocapitalize=&amp;quot;off&amp;quot; maxlength=&amp;quot;512&amp;quot; autofocus=&amp;quot;&amp;quot; aria-label=&amp;quot;Search across browserstack.com&amp;quot;&amp;gt;
										&amp;lt;ul class=&amp;quot;global-search&amp;quot; id=&amp;quot;global-search-autocomplete&amp;quot; role=&amp;quot;listbox&amp;quot; aria-labelledby=&amp;quot;search-input&amp;quot;&amp;gt;&amp;lt;/ul&amp;gt; &amp;lt;input type=&amp;quot;hidden&amp;quot; value=&amp;quot;all&amp;quot; name=&amp;quot;type&amp;quot;&amp;gt;
										&amp;lt;div class=&amp;quot;ds__input__handle hide&amp;quot; id=&amp;quot;ds-input-handle&amp;quot;&amp;gt; &amp;lt;button class=&amp;quot;ds__input__handle--btn ds__input__handle--reset&amp;quot; type=&amp;quot;reset&amp;quot; title=&amp;quot;Clear the search query.&amp;quot; role=&amp;quot;button&amp;quot;&amp;gt; &amp;lt;img class=&amp;quot;b-lazy b-lazy-hidden ds__input__handle--btn__clear-image ds__input_handle__clear-image&amp;quot; src=&amp;quot;data:image/svg+xml;base64,PHN2ZyB4bWxucz0naHR0cDovL3d3dy53My5vcmcvMjAwMC9zdmcnIHZpZXdCb3g9JzAgMCAzIDInPjwvc3ZnPg==&amp;quot; data-lazy-type=&amp;quot;image&amp;quot; data-id=&amp;quot;0&amp;quot; data-lazy-src=&amp;quot;https://browserstack.wpenginepowered.com/wp-content/themes/browserstack/img/docs-search/ic-clear.svg&amp;quot; width=&amp;quot;20&amp;quot; height=&amp;quot;20&amp;quot; alt=&amp;quot;Clear&amp;quot;&amp;gt;&amp;lt;noscript&amp;gt;&amp;lt;img class=&amp;quot;b-lazy b-lazy-hidden ds__input__handle--btn__clear-image ds__input_handle__clear-image&amp;quot; src=&amp;quot;data:image/svg+xml;base64,PHN2ZyB4bWxucz0naHR0cDovL3d3dy53My5vcmcvMjAwMC9zdmcnIHZpZXdCb3g9JzAgMCAzIDInPjwvc3ZnPg==&amp;quot; data-lazy-type=&amp;quot;image&amp;quot; data-id=&amp;quot;&amp;quot;  data-lazy-src=&amp;quot;https://browserstack.wpenginepowered.com/wp-content/themes/browserstack/img/docs-search/ic-clear.svg&amp;quot; width=&amp;quot;20&amp;quot; height=&amp;quot;20&amp;quot; alt=&amp;quot;Clear&amp;quot; /&amp;gt;&amp;lt;noscript&amp;gt;&amp;lt;img class=&amp;quot;ds__input__handle--btn__clear-image ds__input_handle__clear-image&amp;quot; src=&amp;quot;https://browserstack.wpenginepowered.com/wp-content/themes/browserstack/img/docs-search/ic-clear.svg&amp;quot; width=&amp;quot;20&amp;quot; height=&amp;quot;20&amp;quot; alt=&amp;quot;Clear&amp;quot; /&amp;gt;&amp;lt;/noscript&amp;gt;&amp;lt;/noscript&amp;gt; &amp;lt;/button&amp;gt; &amp;lt;button class=&amp;quot;ds__input__handle--btn ds__input__handle--submit&amp;quot; type=&amp;quot;submit&amp;quot; title=&amp;quot;Submit the search query.&amp;quot; role=&amp;quot;button&amp;quot;&amp;gt; Press &amp;lt;/button&amp;gt; &amp;lt;/div&amp;gt;
									&amp;lt;/form&amp;gt;
								&amp;lt;/div&amp;gt;
							&amp;lt;/div&amp;gt;
						&amp;lt;/div&amp;gt; &amp;lt;button aria-label=&amp;quot;Close Search Filter&amp;quot; class=&amp;quot;ds--close&amp;quot;&amp;gt;&amp;lt;/button&amp;gt;
					&amp;lt;/div&amp;gt;
				&amp;lt;/nav&amp;gt;
			&amp;lt;/div&amp;gt;
		&amp;lt;/header&amp;gt;

		&amp;lt;main role=&amp;quot;main&amp;quot; id=&amp;quot;main-content&amp;quot; class=&amp;quot;section-404&amp;quot;&amp;gt;

			&amp;lt;div class=&amp;quot;container&amp;quot;&amp;gt;

				&amp;lt;div class=&amp;quot;row&amp;quot;&amp;gt;

					&amp;lt;div class=&amp;quot;col-md-6 col-lg-5 col-lg-offset-2&amp;quot;&amp;gt;
						&amp;lt;div class=&amp;quot;section-404__heading&amp;quot;&amp;gt;Oops!&amp;lt;/div&amp;gt;
						&amp;lt;div class=&amp;quot;section-404__subheading&amp;quot;&amp;gt;The page you are looking for can&amp;apos;t be found.&amp;lt;/div&amp;gt;
						&amp;lt;p class=&amp;quot;section-404__error&amp;quot;&amp;gt;&amp;lt;strong&amp;gt;Error code 404&amp;lt;/strong&amp;gt;&amp;lt;/p&amp;gt;
					&amp;lt;/div&amp;gt;

					&amp;lt;div class=&amp;quot;col-md-6 col-lg-9 section-404__gif&amp;quot;&amp;gt;
						&amp;lt;img class=&amp;quot;b-lazy b-lazy-hidden&amp;quot; src=&amp;quot;data:image/svg+xml;base64,PHN2ZyB4bWxucz0naHR0cDovL3d3dy53My5vcmcvMjAwMC9zdmcnIHZpZXdCb3g9JzAgMCAzIDInPjwvc3ZnPg==&amp;quot; data-lazy-type=&amp;quot;image&amp;quot; data-id=&amp;quot;&amp;quot;  data-lazy-src=&amp;quot;https://browserstack.wpenginepowered.com/wp-content/themes/browserstack/img/404bros.gif&amp;quot; alt=&amp;quot;404 gif&amp;quot; data-lazy-srcset=&amp;quot;https://browserstack.wpenginepowered.com/wp-content/themes/browserstack/img/404bros.gif 1x, /wp-content/themes/browserstack/img/404bros@2x.gif 2x&amp;quot;&amp;gt;&amp;lt;noscript&amp;gt;&amp;lt;img src=&amp;quot;https://browserstack.wpenginepowered.com/wp-content/themes/browserstack/img/404bros.gif&amp;quot; alt=&amp;quot;404 gif&amp;quot; srcset=&amp;quot;https://browserstack.wpenginepowered.com/wp-content/themes/browserstack/img/404bros.gif 1x, /wp-content/themes/browserstack/img/404bros@2x.gif 2x&amp;quot;&amp;gt;&amp;lt;/noscript&amp;gt;
					&amp;lt;/div&amp;gt;

				&amp;lt;/div&amp;gt;

				&amp;lt;div class=&amp;quot;row&amp;quot;&amp;gt;

					&amp;lt;div class=&amp;quot;col-sm-12 col-lg-14 col-lg-offset-2 section-404__quick-links&amp;quot;&amp;gt;
						&amp;lt;p&amp;gt;Here are some quick links:&amp;lt;/p&amp;gt;
						&amp;lt;ul&amp;gt;
							&amp;lt;li&amp;gt;&amp;lt;a href=&amp;quot;/&amp;quot;&amp;gt;Home&amp;lt;/a&amp;gt;&amp;lt;/li&amp;gt;
							&amp;lt;li&amp;gt;&amp;lt;a href=&amp;quot;https://www.browserstack.com/users/sign_up&amp;quot;&amp;gt;Free trial&amp;lt;/a&amp;gt;&amp;lt;/li&amp;gt;
							&amp;lt;li&amp;gt;&amp;lt;a href=&amp;quot;https://www.browserstack.com/list-of-browsers-and-platforms?product=live&amp;quot;&amp;gt;Device coverage&amp;lt;/a&amp;gt;&amp;lt;/li&amp;gt;
							&amp;lt;li&amp;gt;&amp;lt;a href=&amp;quot;https://www.browserstack.com/docs&amp;quot;&amp;gt;Developer docs&amp;lt;/a&amp;gt;&amp;lt;/li&amp;gt;
							&amp;lt;li&amp;gt;&amp;lt;a href=&amp;quot;https://www.browserstack.com/enterprise-features&amp;quot;&amp;gt;Enterprise&amp;lt;/a&amp;gt;&amp;lt;/li&amp;gt;
							&amp;lt;li&amp;gt;&amp;lt;a href=&amp;quot;https://www.browserstack.com/local-testing&amp;quot;&amp;gt;Local testing&amp;lt;/a&amp;gt;&amp;lt;/li&amp;gt;
							&amp;lt;li&amp;gt;&amp;lt;a href=&amp;quot;https://www.browserstack.com/contact&amp;quot;&amp;gt;Contact&amp;lt;/a&amp;gt;&amp;lt;/li&amp;gt;
						&amp;lt;/ul&amp;gt;
					&amp;lt;/div&amp;gt;

				&amp;lt;/div&amp;gt;

			&amp;lt;/div&amp;gt;

		&amp;lt;/main&amp;gt;
		&amp;lt;aside class=&amp;quot;sidebar&amp;quot; role=&amp;quot;complementary&amp;quot;&amp;gt;
			&amp;lt;div class=&amp;quot;sidebar-widget&amp;quot;&amp;gt; &amp;lt;/div&amp;gt;
			&amp;lt;div class=&amp;quot;sidebar-widget&amp;quot;&amp;gt; &amp;lt;/div&amp;gt;
		&amp;lt;/aside&amp;gt;
		&amp;lt;footer class=&amp;quot;bg-inverse footer-habitat footer-habitat--v2 footer-habitat--exp&amp;quot; id=&amp;quot;footer-habitat&amp;quot;&amp;gt;
			&amp;lt;div class=&amp;quot;container&amp;quot;&amp;gt;
				&amp;lt;div class=&amp;quot;row footer-top-section&amp;quot;&amp;gt;
					&amp;lt;div class=&amp;quot;col-xs-6 col-sm-3 col-md-2 col-lg-2 col-xl-2 custom-footer-products-row&amp;quot;&amp;gt;
						&amp;lt;div id=&amp;quot;nav_menu-2&amp;quot; class=&amp;quot;widget_nav_menu&amp;quot;&amp;gt;
							&amp;lt;p class=&amp;quot;footer-habitat__heading&amp;quot;&amp;gt;Products&amp;lt;/p&amp;gt;
							&amp;lt;ul id=&amp;quot;menu-products&amp;quot; class=&amp;quot;menu&amp;quot;&amp;gt;
								&amp;lt;li id=&amp;quot;menu-item-555&amp;quot; class=&amp;quot;menu-item menu-item-type-custom menu-item-object-custom menu-item-555&amp;quot;&amp;gt;&amp;lt;a href=&amp;quot;/live&amp;quot;&amp;gt;&amp;lt;span class=&amp;quot;item-text&amp;quot;&amp;gt;Live&amp;lt;/span&amp;gt;&amp;lt;/a&amp;gt;&amp;lt;/li&amp;gt;
								&amp;lt;li id=&amp;quot;menu-item-556&amp;quot; class=&amp;quot;menu-item menu-item-type-custom menu-item-object-custom menu-item-556&amp;quot;&amp;gt;&amp;lt;a href=&amp;quot;/automate&amp;quot;&amp;gt;&amp;lt;span class=&amp;quot;item-text&amp;quot;&amp;gt;Automate&amp;lt;/span&amp;gt;&amp;lt;/a&amp;gt;&amp;lt;/li&amp;gt;
								&amp;lt;li id=&amp;quot;menu-item-74045&amp;quot; class=&amp;quot;menu-item menu-item-type-custom menu-item-object-custom menu-item-74045&amp;quot;&amp;gt;&amp;lt;a href=&amp;quot;/automate-turboscale&amp;quot;&amp;gt;&amp;lt;span class=&amp;quot;item-text&amp;quot;&amp;gt;Automate TurboScale&amp;lt;/span&amp;gt; &amp;lt;span class=&amp;quot;btn-badge btn-primary&amp;quot;&amp;gt;Beta&amp;lt;/span&amp;gt;&amp;lt;/a&amp;gt;&amp;lt;/li&amp;gt;
								&amp;lt;li id=&amp;quot;menu-item-26871&amp;quot; class=&amp;quot;menu-item menu-item-type-custom menu-item-object-custom menu-item-26871&amp;quot;&amp;gt;&amp;lt;a href=&amp;quot;/percy&amp;quot;&amp;gt;&amp;lt;span class=&amp;quot;item-text&amp;quot;&amp;gt;Percy&amp;lt;/span&amp;gt;&amp;lt;/a&amp;gt;&amp;lt;/li&amp;gt;
								&amp;lt;li id=&amp;quot;menu-item-557&amp;quot; class=&amp;quot;menu-item menu-item-type-custom menu-item-object-custom menu-item-557&amp;quot;&amp;gt;&amp;lt;a href=&amp;quot;/app-live&amp;quot;&amp;gt;&amp;lt;span class=&amp;quot;item-text&amp;quot;&amp;gt;App Live&amp;lt;/span&amp;gt;&amp;lt;/a&amp;gt;&amp;lt;/li&amp;gt;
								&amp;lt;li id=&amp;quot;menu-item-558&amp;quot; class=&amp;quot;menu-item menu-item-type-custom menu-item-object-custom menu-item-558&amp;quot;&amp;gt;&amp;lt;a href=&amp;quot;/app-automate&amp;quot;&amp;gt;&amp;lt;span class=&amp;quot;item-text&amp;quot;&amp;gt;App Automate&amp;lt;/span&amp;gt;&amp;lt;/a&amp;gt;&amp;lt;/li&amp;gt;
								&amp;lt;li id=&amp;quot;menu-item-57584&amp;quot; class=&amp;quot;menu-item menu-item-type-custom menu-item-object-custom menu-item-57584&amp;quot;&amp;gt;&amp;lt;a href=&amp;quot;/app-percy&amp;quot;&amp;gt;&amp;lt;span class=&amp;quot;item-text&amp;quot;&amp;gt;App Percy&amp;lt;/span&amp;gt; &amp;lt;span class=&amp;quot;btn-badge btn-primary&amp;quot;&amp;gt;New&amp;lt;/span&amp;gt;&amp;lt;/a&amp;gt;&amp;lt;/li&amp;gt;
								&amp;lt;li id=&amp;quot;menu-item-65185&amp;quot; class=&amp;quot;menu-item menu-item-type-custom menu-item-object-custom menu-item-65185&amp;quot;&amp;gt;&amp;lt;a href=&amp;quot;/test-management&amp;quot;&amp;gt;&amp;lt;span class=&amp;quot;item-text&amp;quot;&amp;gt;Test Management&amp;lt;/span&amp;gt; &amp;lt;span class=&amp;quot;btn-badge btn-primary&amp;quot;&amp;gt;New&amp;lt;/span&amp;gt;&amp;lt;/a&amp;gt;&amp;lt;/li&amp;gt;
								&amp;lt;li id=&amp;quot;menu-item-61115&amp;quot; class=&amp;quot;custom-footer-speedboat menu-item menu-item-type-custom menu-item-object-custom menu-item-61115&amp;quot;&amp;gt;&amp;lt;a href=&amp;quot;/test-observability&amp;quot;&amp;gt;&amp;lt;span class=&amp;quot;item-text&amp;quot;&amp;gt;Test Observability&amp;lt;/span&amp;gt; &amp;lt;span class=&amp;quot;btn-badge btn-primary&amp;quot;&amp;gt;New&amp;lt;/span&amp;gt;&amp;lt;/a&amp;gt;&amp;lt;/li&amp;gt;
								&amp;lt;li id=&amp;quot;menu-item-65498&amp;quot; class=&amp;quot;menu-item menu-item-type-custom menu-item-object-custom menu-item-65498&amp;quot;&amp;gt;&amp;lt;a href=&amp;quot;/accessibility-testing&amp;quot;&amp;gt;&amp;lt;span class=&amp;quot;item-text&amp;quot;&amp;gt;Accessibility Testing&amp;lt;/span&amp;gt; &amp;lt;span class=&amp;quot;btn-badge btn-primary&amp;quot;&amp;gt;New&amp;lt;/span&amp;gt;&amp;lt;/a&amp;gt;&amp;lt;/li&amp;gt;
								&amp;lt;li id=&amp;quot;menu-item-73030&amp;quot; class=&amp;quot;menu-item menu-item-type-custom menu-item-object-custom menu-item-73030&amp;quot;&amp;gt;&amp;lt;a href=&amp;quot;/accessibility-automation&amp;quot;&amp;gt;&amp;lt;span class=&amp;quot;item-text&amp;quot;&amp;gt;Accessibility Automation&amp;lt;/span&amp;gt; &amp;lt;span class=&amp;quot;btn-badge btn-primary&amp;quot;&amp;gt;Beta&amp;lt;/span&amp;gt;&amp;lt;/a&amp;gt;&amp;lt;/li&amp;gt;
								&amp;lt;li id=&amp;quot;menu-item-74844&amp;quot; class=&amp;quot;menu-item menu-item-type-custom menu-item-object-custom menu-item-74844&amp;quot;&amp;gt;&amp;lt;a href=&amp;quot;/low-code-automation&amp;quot;&amp;gt;&amp;lt;span class=&amp;quot;item-text&amp;quot;&amp;gt;Low Code Automation&amp;lt;/span&amp;gt; &amp;lt;span class=&amp;quot;btn-badge btn-primary&amp;quot;&amp;gt;Beta&amp;lt;/span&amp;gt;&amp;lt;/a&amp;gt;&amp;lt;/li&amp;gt;
								&amp;lt;li id=&amp;quot;menu-item-61116&amp;quot; class=&amp;quot;custom-footer-speedboat menu-item menu-item-type-custom menu-item-object-custom menu-item-61116&amp;quot;&amp;gt;&amp;lt;a target=&amp;quot;_blank&amp;quot; rel=&amp;quot;noopener&amp;quot; href=&amp;quot;https://nightwatchjs.org&amp;quot;&amp;gt;&amp;lt;span class=&amp;quot;item-text&amp;quot;&amp;gt;Nightwatch.js&amp;lt;/span&amp;gt;&amp;lt;/a&amp;gt;&amp;lt;/li&amp;gt;
								&amp;lt;li id=&amp;quot;menu-item-559&amp;quot; class=&amp;quot;menu-item menu-item-type-custom menu-item-object-custom menu-item-559&amp;quot;&amp;gt;&amp;lt;a href=&amp;quot;/enterprise?ref=footer&amp;quot;&amp;gt;&amp;lt;span class=&amp;quot;item-text&amp;quot;&amp;gt;Enterprise&amp;lt;/span&amp;gt;&amp;lt;/a&amp;gt;&amp;lt;/li&amp;gt;
							&amp;lt;/ul&amp;gt;
						&amp;lt;/div&amp;gt;
					&amp;lt;/div&amp;gt;
					&amp;lt;div class=&amp;quot;col-xs-6 col-sm-3 col-md-2 col-lg-2 col-xl-2 custom-footer-platform-row&amp;quot;&amp;gt;
						&amp;lt;div class=&amp;quot;custom-footer-tool-main&amp;quot;&amp;gt;
							&amp;lt;div id=&amp;quot;nav_menu-9&amp;quot; class=&amp;quot;widget_nav_menu&amp;quot;&amp;gt;
								&amp;lt;p class=&amp;quot;footer-habitat__heading&amp;quot;&amp;gt;Tools&amp;lt;/p&amp;gt;
								&amp;lt;ul id=&amp;quot;menu-tools&amp;quot; class=&amp;quot;menu&amp;quot;&amp;gt;
									&amp;lt;li id=&amp;quot;menu-item-61112&amp;quot; class=&amp;quot;menu-item menu-item-type-custom menu-item-object-custom menu-item-61112&amp;quot;&amp;gt;&amp;lt;a href=&amp;quot;/speedlab&amp;quot;&amp;gt;&amp;lt;span class=&amp;quot;item-text&amp;quot;&amp;gt;SpeedLab&amp;lt;/span&amp;gt;&amp;lt;/a&amp;gt;&amp;lt;/li&amp;gt;
									&amp;lt;li id=&amp;quot;menu-item-61113&amp;quot; class=&amp;quot;menu-item menu-item-type-custom menu-item-object-custom menu-item-61113&amp;quot;&amp;gt;&amp;lt;a href=&amp;quot;/screenshots&amp;quot;&amp;gt;&amp;lt;span class=&amp;quot;item-text&amp;quot;&amp;gt;Screenshots&amp;lt;/span&amp;gt;&amp;lt;/a&amp;gt;&amp;lt;/li&amp;gt;
									&amp;lt;li id=&amp;quot;menu-item-61114&amp;quot; class=&amp;quot;menu-item menu-item-type-custom menu-item-object-custom menu-item-61114&amp;quot;&amp;gt;&amp;lt;a href=&amp;quot;/responsive&amp;quot;&amp;gt;&amp;lt;span class=&amp;quot;item-text&amp;quot;&amp;gt;Responsive&amp;lt;/span&amp;gt;&amp;lt;/a&amp;gt;&amp;lt;/li&amp;gt;
								&amp;lt;/ul&amp;gt;
							&amp;lt;/div&amp;gt;
						&amp;lt;/div&amp;gt;
						&amp;lt;div id=&amp;quot;nav_menu-3&amp;quot; class=&amp;quot;widget_nav_menu&amp;quot;&amp;gt;
							&amp;lt;p class=&amp;quot;footer-habitat__heading&amp;quot;&amp;gt;Platform&amp;lt;/p&amp;gt;
							&amp;lt;ul id=&amp;quot;menu-mobile&amp;quot; class=&amp;quot;menu&amp;quot;&amp;gt;
								&amp;lt;li id=&amp;quot;menu-item-25027&amp;quot; class=&amp;quot;menu-item menu-item-type-custom menu-item-object-custom menu-item-25027&amp;quot;&amp;gt;&amp;lt;a href=&amp;quot;/list-of-browsers-and-platforms&amp;quot;&amp;gt;&amp;lt;span class=&amp;quot;item-text&amp;quot;&amp;gt;Browsers &amp;amp;amp; Devices&amp;lt;/span&amp;gt;&amp;lt;/a&amp;gt;&amp;lt;/li&amp;gt;
								&amp;lt;li id=&amp;quot;menu-item-25028&amp;quot; class=&amp;quot;menu-item menu-item-type-custom menu-item-object-custom menu-item-25028&amp;quot;&amp;gt;&amp;lt;a href=&amp;quot;/data-centers&amp;quot;&amp;gt;&amp;lt;span class=&amp;quot;item-text&amp;quot;&amp;gt;Data Centers&amp;lt;/span&amp;gt;&amp;lt;/a&amp;gt;&amp;lt;/li&amp;gt;
								&amp;lt;li id=&amp;quot;menu-item-25029&amp;quot; class=&amp;quot;menu-item menu-item-type-custom menu-item-object-custom menu-item-25029&amp;quot;&amp;gt;&amp;lt;a href=&amp;quot;/device-features&amp;quot;&amp;gt;&amp;lt;span class=&amp;quot;item-text&amp;quot;&amp;gt;Device Features&amp;lt;/span&amp;gt;&amp;lt;/a&amp;gt;&amp;lt;/li&amp;gt;
								&amp;lt;li id=&amp;quot;menu-item-25030&amp;quot; class=&amp;quot;menu-item menu-item-type-custom menu-item-object-custom menu-item-25030&amp;quot;&amp;gt;&amp;lt;a href=&amp;quot;/security&amp;quot;&amp;gt;&amp;lt;span class=&amp;quot;item-text&amp;quot;&amp;gt;Security&amp;lt;/span&amp;gt;&amp;lt;/a&amp;gt;&amp;lt;/li&amp;gt;
							&amp;lt;/ul&amp;gt;
						&amp;lt;/div&amp;gt;
					&amp;lt;/div&amp;gt;
					&amp;lt;div class=&amp;quot;col-xs-6 col-sm-3 col-md-2 col-lg-2 col-xl-2 custom-footer-menu custom-footer-width custom-footer-solutions-row&amp;quot;&amp;gt;
						&amp;lt;div id=&amp;quot;nav_menu-8&amp;quot; class=&amp;quot;widget_nav_menu&amp;quot;&amp;gt;
							&amp;lt;p class=&amp;quot;footer-habitat__heading&amp;quot;&amp;gt;Solutions&amp;lt;/p&amp;gt;
							&amp;lt;ul id=&amp;quot;menu-solutions&amp;quot; class=&amp;quot;menu&amp;quot;&amp;gt;
								&amp;lt;li id=&amp;quot;menu-item-45110&amp;quot; class=&amp;quot;menu-item menu-item-type-custom menu-item-object-custom menu-item-45110&amp;quot;&amp;gt;&amp;lt;a href=&amp;quot;/test-on-iphone&amp;quot;&amp;gt;&amp;lt;span class=&amp;quot;item-text&amp;quot;&amp;gt;Test on iPhone&amp;lt;/span&amp;gt;&amp;lt;/a&amp;gt;&amp;lt;/li&amp;gt;
								&amp;lt;li id=&amp;quot;menu-item-45111&amp;quot; class=&amp;quot;menu-item menu-item-type-custom menu-item-object-custom menu-item-45111&amp;quot;&amp;gt;&amp;lt;a href=&amp;quot;/test-on-ipad&amp;quot;&amp;gt;&amp;lt;span class=&amp;quot;item-text&amp;quot;&amp;gt;Test on iPad&amp;lt;/span&amp;gt;&amp;lt;/a&amp;gt;&amp;lt;/li&amp;gt;
[...]
</g>
</g>
</g>
</svg></span> </a> </li>
<li> <a class="social-link custom-btn-amp-events" href="https://www.facebook.com/pages/BrowserStack/305988982776051" target="_blank" rel="noopener noreferrer" title="Facebook" data-btn-eventname="ClickedOnFooter" data-btn-ampjson="{&quot;value&quot;:&quot;Facebook&quot;,&quot;group&quot;:&quot;Social&quot;}"> <span class="icon-facebook"><svg version="1.1" xmlns="http://www.w3.org/2000/svg" xmlns:xlink="http://www.w3.org/1999/xlink" x="0px" y="0px" viewBox="0 0 19 17" style="enable-background:new 0 0 19 17;" xml:space="preserve" aria-labelledby="footerSocialFaceBookIconTitle footerSocialFaceBookIconDesc" role="img">
<title id="footerSocialFaceBookIconTitle">BrowserStack FaceBook Account</title>
<desc id="footerSocialFaceBookIconDesc">An illustration of white FaceBook Logo</desc>
<style type="text/css">
.sfacebook {
fill: #FFFFFF;
}
</style>
<path class="sfacebook" d="M7.38,5.67H5.25V8.5h2.12V17h3.54V8.5h2.58l0.25-2.83h-2.83V4.49c0-0.68,0.14-0.94,0.79-0.94h2.04V0h-2.7 C8.51,0,7.38,1.12,7.38,3.27V5.67z"></path>
</svg></span> </a> </li>
<li> <a class="social-link custom-btn-amp-events" href="https://www.linkedin.com/company/browserstack/" target="_blank" rel="noopener noreferrer" title="LinkedIn" data-btn-eventname="ClickedOnFooter" data-btn-ampjson="{&quot;value&quot;:&quot;LinkedIn&quot;,&quot;group&quot;:&quot;Social&quot;}"> <span class="icon-linkedin"><svg version="1.1" id="linkedInIconLayer_1" xmlns="http://www.w3.org/2000/svg" xmlns:xlink="http://www.w3.org/1999/xlink" x="0px" y="0px" viewBox="0 0 459.5 450.7" xml:space="preserve" fill="#fff" aria-labelledby="footerSocialLinkedInIconTitle footerSocialLinkedInIconDesc" role="img">
<title id="footerSocialLinkedInIconTitle">BrowserStack LinkedIn Account</title>
<desc id="footerSocialLinkedInIconDesc">An illustration of white LinkedIn Logo</desc>
<path d="M3.4,146.6l92.8-1.2v303.8l-92.8,1.2L3.4,146.6L3.4,146.6z"></path>
<path d="M173.9,146.6l88.7-1.1v38.6l0,10.9c26.3-25.7,53.3-45.2,96.6-45.2c51,0,100.4,21.4,100.4,91v208.4l-90,1.3 V291.5c0-35.1-8.8-57.7-50.7-57.7c-36.9,0-52.4,6.6-52.4,55.2v160.4l-92.5,1.1L173.9,146.6L173.9,146.6z"></path>
<path d="M101.6,50.8c0,28.1-22.7,50.8-50.8,50.8S0,78.8,0,50.8C0,22.7,22.7,0,50.8,0C78.8,0,101.6,22.7,101.6,50.8 L101.6,50.8z"></path>
</svg></span> </a> </li>
<li> <a class="social-link custom-btn-amp-events" href="https://www.youtube.com/c/browserstack" target="_blank" rel="noopener noreferrer" title="YouTube" data-btn-eventname="ClickedOnFooter" data-btn-ampjson="{&quot;value&quot;:&quot;YouTube&quot;,&quot;group&quot;:&quot;Social&quot;}"> <span class="icon-youtube"><svg enable-background="new 0 0 176 124" viewBox="0 0 176 124" xmlns="http://www.w3.org/2000/svg" aria-labelledby="footerSocialYoutubeIconTitle footerSocialYoutubeIconDesc" role="img">
<title id="footerSocialYoutubeIconTitle">BrowserStack Youtube Channel</title>
<desc id="footerSocialYoutubeIconDesc">An illustration of white youtube Logo</desc>
<path d="m172.3 19.4c-2-7.6-8-13.6-15.6-15.7-13.7-3.7-68.7-3.7-68.7-3.7s-55 0-68.8 3.7c-7.6 2-13.5 8-15.6 15.7-3.6 13.8-3.6 42.6-3.6 42.6s0 28.8 3.7 42.6c2 7.6 8 13.6 15.6 15.7 13.7 3.7 68.7 3.7 68.7 3.7s55 0 68.8-3.7c7.6-2 13.5-8 15.6-15.7 3.6-13.8 3.6-42.6 3.6-42.6s0-28.8-3.7-42.6zm-102.3 68.8v-52.4l46 26.2z" fill="#fff"></path>
</svg></span> </a> </li>
<li> <a class="social-link custom-btn-amp-events" href="https://www.instagram.com/browserstack" target="_blank" rel="noopener noreferrer" title="Instagram" data-btn-eventname="ClickedOnFooter" data-btn-ampjson="{&quot;value&quot;:&quot;Instagram&quot;,&quot;group&quot;:&quot;Social&quot;}"> <span class="icon-instagram"><svg xmlns="http://www.w3.org/2000/svg" xmlns:xlink="http://www.w3.org/1999/xlink" width="18" height="18" viewBox="0 0 18 18" aria-labelledby="footerSocialInstagramIconTitle footerSocialInstagramIconDesc" role="img">
<title id="footerSocialInstagramIconTitle">BrowserStack Instagram Account</title>
<desc id="footerSocialInstagramIconDesc">An illustration of white instagram Logo</desc>
<defs>
<path id="prefix__a" d="M0 0.006L17.994 0.006 17.994 17.998 0 17.998z"></path>
</defs>
<g fill="none" fill-rule="evenodd">
<mask id="prefix__b" fill="#fff">
<use xlink:href="#prefix__a"></use>
</mask>
<path fill="#FFF" d="M8.997.006c-2.443 0-2.75.01-3.71.054-.957.043-1.611.196-2.183.418-.592.23-1.094.538-1.594 1.038S.702 2.518.472 3.109C.25 3.682.098 4.336.054 5.293.01 6.253 0 6.56 0 9.003c0 2.443.01 2.75.054 3.71.044.957.196 1.611.418 2.183.23.592.538 1.094 1.038 1.594s1.002.808 1.594 1.038c.572.222 1.226.374 2.184.418.96.044 1.266.054 3.71.054 2.443 0 2.749-.01 3.709-.054.957-.044 1.611-.196 2.184-.418.591-.23 1.093-.538 1.593-1.038s.808-1.002 1.038-1.594c.222-.572.375-1.226.418-2.184.044-.96.054-1.266.054-3.71 0-2.443-.01-2.749-.054-3.709-.044-.957-.196-1.611-.418-2.184-.23-.591-.538-1.093-1.038-1.593S15.482.708 14.891.478C14.318.256 13.664.104 12.707.06c-.96-.044-1.266-.054-3.71-.054zm0 1.62c2.402 0 2.687.01 3.636.053.877.04 1.353.187 1.67.31.42.163.72.358 1.035.673.315.315.51.615.673 1.035.123.317.27.793.31 1.67.043.949.052 1.234.052 3.636s-.009 2.687-.052 3.635c-.04.878-.187 1.354-.31 1.671-.163.42-.358.72-.673 1.035-.315.314-.615.51-1.035.673-.317.123-.793.27-1.67.31-.949.043-1.233.052-3.636.052-2.402 0-2.687-.01-3.635-.053-.878-.04-1.354-.186-1.671-.31-.42-.163-.72-.358-1.035-.672-.314-.315-.51-.615-.673-1.035-.123-.317-.27-.793-.31-1.67-.043-.95-.052-1.234-.052-3.636s.01-2.687.053-3.636c.04-.877.186-1.353.31-1.67.163-.42.358-.72.672-1.035.315-.315.615-.51 1.035-.673.317-.123.793-.27 1.67-.31.95-.043 1.234-.052 3.636-.052z" mask="url(#prefix__b)"></path>
<path fill="#FFF" d="M8.997 12.002c-1.656 0-2.999-1.343-2.999-3 0-1.656 1.343-2.998 3-2.998 1.655 0 2.998 1.343 2.998 2.999 0 1.656-1.343 2.999-2.999 2.999zm0-7.62c-2.551 0-4.62 2.07-4.62 4.62 0 2.553 2.069 4.621 4.62 4.621 2.552 0 4.62-2.068 4.62-4.62s-2.068-4.62-4.62-4.62zM14.88 4.2c0 .596-.484 1.08-1.08 1.08-.596 0-1.08-.484-1.08-1.08 0-.596.484-1.08 1.08-1.08.596 0 1.08.484 1.08 1.08"></path>
</g>
</svg></span> </a> </li>
</ul>
<div class="custom-footer-btn custom-footer-contact-btn"> <a id="customFooterContactBtn" href="/contact?ref=footer" data-btn-eventname="ClickedOnFooter" data-btn-ampjson="{&quot;value&quot;: &quot;Contact Us&quot;, &quot;group&quot;: &quot;Social&quot;}" class="btn btn-primary btn-md col-md-2 custom-btn-amp-events"><span class="custom-footer-btn-icon"><svg width="24" height="24" alt="Contact Us" viewBox="0 0 24 24" fill="none" xmlns="http://www.w3.org/2000/svg" aria-labelledby="footerContactUsIconTitle footerContactUsIconDesc" role="img">
<title id="footerContactUsIconTitle">BrowserStack Contact Us Icon</title>
<desc id="footerContactUsIconDesc">An illustration of white contact us icon</desc>
<path d="M19 3H18V1H16V3H8V1H6V3H5C3.89 3 3 3.9 3 5V19C3 20.1 3.89 21 5 21H19C20.1 21 21 20.1 21 19V5C21 3.9 20.1 3 19 3ZM12 6C13.66 6 15 7.34 15 9C15 10.66 13.66 12 12 12C10.34 12 9 10.66 9 9C9 7.34 10.34 6 12 6ZM18 18H6V17C6 15 10 13.9 12 13.9C14 13.9 18 15 18 17V18Z" fill="white"></path>
</svg></span><span class="custom-footer-btn-text">Contact Us</span></a> </div>
</div>
</div>
<div class="col-xs-12 col-md-4 col-lg-8 col-xl-8 footer-brand-container"> <a class="brand custom-btn-amp-events" title="BrowserStack Logo" href="/" data-btn-eventname="ClickedOnFooter" data-btn-ampjson="{&quot;value&quot;:&quot;BrowserStack Logo&quot;}"> <svg class="w-svg" width="219" version="1.1" id="Layer_1" xmlns="http://www.w3.org/2000/svg" xmlns:xlink="http://www.w3.org/1999/xlink" x="0px" y="0px" viewBox="-1076.1 758.6 202.1 43.6" style="enable-background:new -1076.1 758.6 202.1 43.6;" xml:space="preserve" aria-labelledby="headerBrowserStackLogoTitle headerBrowserStackLogoDesc" role="img">
<title id="headerBrowserStackLogoTitle">BrowserStack Logo</title>
<desc id="headerBrowserStackLogoDesc">An illustration of BrowserStack Logo</desc>
<style type="text/css">
.st0 {
fill: #F4B960;
}

.st1 {
fill: #E66F32;
}

.st2 {
fill: #E43C41;
}

.st3 {
fill: #BDD041;
}

.st4 {
fill: #6DB54C;
}

.st5 {
fill: #AEDAE6;
}

.st6 {
fill: #56B8DE;
}

.st7 {
fill: #00B1D5;
}

.st8 {
fill: url(#XMLID_2_);
}

.st9 {
fill: #221F1F;
}

.st10 {
fill: #FFFFFF;
}
</style>
<g>
<g id="XMLID_57_">
<circle id="XMLID_68_" class="st0" cx="-1054.3" cy="780.4" r="21.7"></circle>
<circle id="XMLID_67_" class="st1" cx="-1056.5" cy="778.2" r="19.6"></circle>
<circle id="XMLID_66_" class="st2" cx="-1053.8" cy="775.7" r="17"></circle>
<circle id="XMLID_65_" class="st3" cx="-1052.5" cy="777" r="15.6"></circle>
<circle id="XMLID_64_" class="st4" cx="-1053.6" cy="778.2" r="14.5"></circle>
<circle id="XMLID_63_" class="st5" cx="-1055.9" cy="775.8" r="12.1"></circle>
<circle id="XMLID_62_" class="st6" cx="-1054" cy="773.8" r="10.2"></circle>
<circle id="XMLID_61_" class="st7" cx="-1052.7" cy="775.2" r="8.9"></circle>
<radialGradient id="XMLID_2_" cx="-1053.988" cy="-164.5" r="7.661" gradientTransform="matrix(1 0 0 -1 0 611.9999)" gradientUnits="userSpaceOnUse">
<stop offset="0" style="stop-color:#797979"></stop>
<stop offset="1" style="stop-color:#4C4C4C"></stop>
</radialGradient>
<circle id="XMLID_60_" class="st8" cx="-1054" cy="776.4" r="7.6"></circle>
<circle id="XMLID_59_" class="st9" cx="-1054" cy="776.4" r="7.6"></circle>
<ellipse id="XMLID_58_" transform="matrix(0.4094 -0.9124 0.9124 0.4094 -1326.5503 -501.9048)" class="st10" cx="-1050.9" cy="773.6" rx="2.4" ry="1.5"></ellipse>
</g>
<path id="XMLID_53_" class="st10" d="M-1025.5,772.2c0-0.1,0.1-0.3,0.3-0.3h6.9c3.9,0,5.7,1.8,5.7,4.5c0,2-1,3-2.2,3.6v0.1 c1.1,0.4,2.5,1.8,2.5,3.9c0,3.4-2.3,5-6.3,5h-6.6c-0.1,0-0.3-0.1-0.3-0.3C-1025.5,788.7-1025.5,772.2-1025.5,772.2z M-1018.4,779 c1.6,0,2.6-0.9,2.6-2.2c0-1.4-1-2.3-2.6-2.3h-3.7c-0.1,0-0.1,0.1-0.1,0.1v4.2c0,0.1,0.1,0.1,0.1,0.1 C-1022.2,779-1018.4,779-1018.4,779z M-1022.2,786.2h3.9c1.8,0,2.8-0.9,2.8-2.4s-1-2.4-2.8-2.4h-3.9c-0.1,0-0.1,0.1-0.1,0.1v4.4 C-1022.4,786.2-1022.2,786.2-1022.2,786.2z"></path>
<path id="XMLID_51_" class="st10" d="M-1010.1,788.8c-0.1,0-0.3-0.1-0.3-0.3v-11.6c0-0.1,0.1-0.3,0.3-0.3h2.5 c0.1,0,0.3,0.1,0.3,0.3v1h0.1c0.6-0.9,1.8-1.6,3.4-1.6c1,0,2.1,0.4,2.7,1c0.1,0.1,0.1,0.3,0.1,0.3l-1.4,1.7 c-0.1,0.1-0.3,0.1-0.4,0.1c-0.6-0.3-1.2-0.6-2-0.6c-1.7,0-2.5,1.1-2.5,3.1v6.5c0,0.1-0.1,0.3-0.3,0.3L-1010.1,788.8L-1010.1,788.8z "></path>
<path id="XMLID_48_" class="st10" d="M-1000.6,785.8c-0.3-0.8-0.5-1.6-0.5-3c0-1.4,0.1-2.2,0.5-3c0.8-2.2,2.7-3.3,5.4-3.3 c2.7,0,4.6,1.2,5.4,3.3c0.3,0.8,0.5,1.6,0.5,3c0,1.4-0.1,2.2-0.5,3c-0.8,2.2-2.7,3.3-5.4,3.3C-997.9,789.1-999.9,788-1000.6,785.8z M-992.7,785.1c0.3-0.6,0.3-1.2,0.3-2.2s-0.1-1.6-0.3-2.2c-0.4-1-1.2-1.6-2.5-1.6c-1.2,0-2.1,0.6-2.5,1.6c-0.3,0.7-0.3,1.2-0.3,2.2 s0.1,1.6,0.3,2.2c0.4,1,1.2,1.6,2.5,1.6C-994,786.7-993.2,786.1-992.7,785.1z"></path>
<path id="XMLID_46_" class="st10" d="M-976.3,788.8c-0.1,0-0.3-0.1-0.3-0.3l-2.5-7.8h-0.1l-2.5,7.7c-0.1,0.1-0.1,0.3-0.3,0.3h-2.2 c-0.1,0-0.3-0.1-0.3-0.3l-4.1-11.6c-0.1-0.1,0.1-0.3,0.2-0.3h2.6c0.2,0,0.3,0.1,0.3,0.3l2.5,8h0.1l2.5-8c0.1-0.1,0.2-0.3,0.3-0.3h2 c0.1,0,0.3,0.1,0.3,0.3l2.6,8h0.1l2.4-8c0.1-0.2,0.1-0.3,0.3-0.3h2.6c0.1,0,0.3,0.1,0.2,0.3l-4,11.6c-0.1,0.1-0.1,0.3-0.3,0.3 L-976.3,788.8L-976.3,788.8z"></path>
<path id="XMLID_44_" class="st10" d="M-969.1,787.2c-0.1-0.1-0.1-0.3,0-0.3l1.6-1.5c0.1-0.1,0.3-0.1,0.4,0c0.9,0.8,2.5,1.4,3.9,1.4 c1.6,0,2.4-0.6,2.4-1.4c0-0.7-0.5-1.2-2.2-1.3l-1.4-0.1c-2.6-0.3-4-1.5-4-3.5c0-2.3,1.8-3.9,5-3.9c2,0,3.7,0.6,4.9,1.4 c0.1,0.1,0.1,0.3,0.1,0.3l-1.3,1.4c-0.1,0.1-0.3,0.1-0.4,0.1c-0.8-0.5-2.2-1-3.4-1c-1.3,0-2,0.5-2,1.3c0,0.7,0.5,1.1,2.2,1.3 l1.4,0.1c2.7,0.3,4,1.6,4,3.5c0,2.4-1.9,4.1-5.5,4.1C-966.1,789.2-968,788.2-969.1,787.2z"></path>
<path id="XMLID_41_" class="st10" d="M-955.9,785.8c-0.3-0.8-0.5-1.7-0.5-3s0.1-2.2,0.5-3c0.8-2.2,2.7-3.3,5.4-3.3 c2.7,0,4.6,1.3,5.4,3.3c0.3,0.8,0.5,1.7,0.5,3.7c0,0.1-0.1,0.3-0.3,0.3h-8.2c-0.1,0-0.1,0.1-0.1,0.1c0,0.3,0.1,0.7,0.2,0.9 c0.5,1.2,1.4,1.8,2.9,1.8s2.4-0.5,3.1-1.1c0.1-0.1,0.3-0.1,0.5-0.1l1.6,1.3c0.1,0.1,0.1,0.3,0.1,0.3c-1.1,1.2-3,2.1-5.4,2.1 C-953.2,789.2-955.2,788-955.9,785.8z M-948,780.4c-0.3-1-1.3-1.6-2.5-1.6s-2.2,0.6-2.6,1.6c-0.1,0.3-0.1,0.6-0.1,1 c0,0.1,0.1,0.1,0.1,0.1h5.2c0.1,0,0.1-0.1,0.1-0.1C-947.9,781.1-947.9,780.7-948,780.4z"></path>
<path id="XMLID_39_" class="st10" d="M-942.6,788.8c-0.1,0-0.3-0.1-0.3-0.3v-11.6c0-0.1,0.1-0.3,0.3-0.3h2.5c0.1,0,0.3,0.1,0.3,0.3 v1h0.1c0.6-0.9,1.8-1.6,3.4-1.6c1,0,2.1,0.4,2.7,1c0.1,0.1,0.1,0.3,0.1,0.3l-1.4,1.7c-0.1,0.1-0.3,0.1-0.4,0.1 c-0.6-0.3-1.2-0.6-2-0.6c-1.7,0-2.5,1.1-2.5,3.1v6.5c0,0.1-0.1,0.3-0.3,0.3L-942.6,788.8L-942.6,788.8z"></path>
<path id="XMLID_37_" class="st10" d="M-933.1,787c-0.1-0.1-0.1-0.3-0.1-0.4l1.7-1.8c0.1-0.1,0.3-0.1,0.4-0.1c1.2,0.9,3,1.8,5,1.8 c2.2,0,3.5-1,3.5-2.5c0-1.2-0.8-2-3.3-2.4l-1-0.1c-3.5-0.5-5.5-2-5.5-4.8c0-3.1,2.5-5.2,6.2-5.2c2.3,0,4.5,0.7,5.9,1.7 c0.1,0.1,0.1,0.2,0.1,0.3l-1.3,1.8c-0.1,0.1-0.3,0.1-0.4,0.1c-1.5-0.9-2.9-1.3-4.4-1.3c-1.9,0-2.9,0.9-2.9,2.3c0,1.2,0.9,2,3.4,2.3 l1,0.1c3.5,0.5,5.5,2,5.5,5s-2.4,5.3-6.9,5.3C-929.1,789.2-931.7,788.2-933.1,787z"></path>
<path id="XMLID_35_" class="st10" d="M-913.8,789.1c-2.6,0-3.7-1.2-3.7-3.5v-6.4c0-0.1-0.1-0.1-0.1-0.1h-0.8 c-0.1,0-0.3-0.1-0.3-0.3v-1.7c0-0.1,0.1-0.3,0.3-0.3h0.8c0.1,0,0.1-0.1,0.1-0.1v-3.3c0-0.1,0.1-0.3,0.3-0.3h2.5 c0.1,0,0.3,0.1,0.3,0.3v3.3c0,0.1,0.1,0.1,0.1,0.1h1.8c0.1,0,0.3,0.1,0.3,0.3v1.7c0,0.1-0.1,0.3-0.3,0.3h-1.8 c-0.1,0-0.1,0.1-0.1,0.1v6.3c0,0.8,0.4,1.1,1.2,1.1h0.7c0.1,0,0.3,0.1,0.3,0.3v2c0,0.1-0.1,0.3-0.3,0.3L-913.8,789.1L-913.8,789.1z "></path>
<path id="XMLID_32_" class="st10" d="M-902.3,788.8c-0.1,0-0.3-0.1-0.3-0.3v-0.9l0,0c-0.6,0.8-1.8,1.4-3.7,1.4 c-2.4,0-4.4-1.1-4.4-3.7c0-2.6,2-3.9,5.2-3.9h2.6c0.1,0,0.1-0.1,0.1-0.1v-0.6c0-1.4-0.7-2-2.9-2c-1.4,0-2.4,0.4-3,0.8 c-0.1,0.1-0.3,0.1-0.4-0.1l-1-1.6c-0.1-0.1-0.1-0.3,0.1-0.3c1-0.7,2.5-1.2,4.6-1.2c4,0,5.4,1.3,5.4,4.2v7.8c0,0.1-0.1,0.3-0.3,0.3 L-902.3,788.8L-902.3,788.8z M-902.6,784.8v-0.9c0-0.1-0.1-0.1-0.1-0.1h-2.2c-2,0-2.8,0.5-2.8,1.6c0,1,0.8,1.5,2.3,1.5 C-903.7,786.8-902.6,786.2-902.6,784.8z"></path>
<path id="XMLID_30_" class="st10" d="M-897.4,785.8c-0.3-0.8-0.5-1.7-0.5-3s0.1-2.2,0.5-3c0.8-2.2,2.8-3.3,5.4-3.3 c2,0,3.5,0.7,4.5,1.9c0.1,0.1,0.1,0.3-0.1,0.3l-1.7,1.4c-0.1,0.1-0.3,0.1-0.4-0.1c-0.7-0.7-1.3-1-2.4-1c-1.2,0-2.1,0.5-2.5,1.6 c-0.3,0.6-0.3,1.3-0.3,2.2s0.1,1.6,0.3,2.3c0.4,1,1.3,1.6,2.5,1.6c1.1,0,1.8-0.4,2.4-1c0.1-0.1,0.3-0.1,0.4-0.1l1.7,1.4 c0.1,0.1,0.1,0.3,0.1,0.3c-1,1.1-2.6,1.8-4.5,1.8C-894.6,789.2-896.6,788-897.4,785.8z"></path>
<path id="XMLID_28_" class="st10" d="M-876.9,788.8c-0.2,0-0.3-0.1-0.5-0.3l-3.3-5l-1.8,1.9v3.1c0,0.1-0.1,0.3-0.3,0.3h-2.5 c-0.1,0-0.3-0.1-0.3-0.3V772c0-0.1,0.1-0.3,0.3-0.3h2.5c0.1,0,0.3,0.1,0.3,0.3v9.8l4.5-4.8c0.1-0.2,0.3-0.3,0.5-0.3h2.8 c0.1,0,0.3,0.1,0.1,0.3l-4.2,4.4l4.7,7.2c0.1,0.1,0.1,0.3-0.1,0.3L-876.9,788.8L-876.9,788.8z"></path>
</g>
</svg> </a> </div>
</div>
<div class="row footer-bottom-section">
<div class="col-xs-12 col-md-6 col-lg-8 col-xl-8 copyright">
<p>© 2023 BrowserStack. All rights reserved.</p>
</div>
<div class="col-xs-12 col-md-6 col-lg-8 col-xl-8">
<ul class="horizontal-list legal">
<li class="legal-list"> <a class="custom-btn-amp-events" href="/terms" data-btn-eventname="ClickedOnFooter" data-btn-ampjson="{&quot;value&quot;:&quot;Terms of Service&quot;}">Terms of Service</a> </li>
<li class="legal-list"> <a class="custom-btn-amp-events" href="/privacy" data-btn-eventname="ClickedOnFooter" data-btn-ampjson="{&quot;value&quot;:&quot;Privacy Policy&quot;}">Privacy Policy</a> </li>
<li class="legal-list"> <a class="custom-btn-amp-events" href="/cookie-policy" data-btn-eventname="ClickedOnFooter" data-btn-ampjson="{&quot;value&quot;:&quot;Cookie Policy&quot;}">Cookie Policy</a> </li>
<li class="legal-list"> <a class="custom-btn-amp-events" href="/sitemap" data-btn-eventname="ClickedOnFooter" data-btn-ampjson="{&quot;value&quot;:&quot;Sitemap&quot;}">Sitemap</a> </li>
</ul>
</div>
</div>
</div>
</footer>
</div>

<!--scripts-->
<script type="text/javascript" src="https://browserstack.wpenginepowered.com/wp-content/themes/browserstack/js/dist/bs-storage-vanila.js?ver=1702560828" id="bs-storage-vanila-js"></script>
<script type="text/javascript" src="https://browserstack.wpenginepowered.com/wp-content/themes/browserstack/js/dist/bstack-common-vanila.js?ver=1706620739" id="bstack-common-vanila-js-js"></script>
<script type="text/javascript" src="https://browserstack.wpenginepowered.com/wp-content/themes/browserstack/js/dist/lp-event-script.js?ver=1694761462" id="bstack-lp-event-script-js-js"></script>
<script type="text/javascript" src="https://browserstack.wpenginepowered.com/wp-content/themes/browserstack/js/scripts-vanila.js?ver=1702367324" id="main-js"></script>
<script type="text/javascript" src="https://browserstack.wpenginepowered.com/wp-content/themes/browserstack/js/dist/lazy-load.js?ver=1694761462" id="bstack-lazy-load-js"></script>
<script type="text/javascript" src="https://browserstack.wpenginepowered.com/wp-content/themes/browserstack/js/dist/bstack-load-scripts.js?ver=1707381236" id="bstack-load-scripts-js"></script>
<script  defer="defer"  src="https://browserstack.wpenginepowered.com/wp-content/cache/js/bstack_d41d8cd98f00b204e9800998ecf8427e.js?v=1684139030" integrity="sha384-laKoT9quo512M6RwUnlOoO/5C8UrAl6iSvEKhGzJZcHrvtgoorGkN4hwLKwc/bat" crossorigin="anonymous" ></script><script>(function(){var js = "window['__CF$cv$params']={r:'853352365ea96efb',t:'MTcwNzU1NzI5OS4zMzUwMDA='};_cpo=document.createElement('script');_cpo.nonce='',_cpo.src='/cdn-cgi/challenge-platform/scripts/jsd/main.js',document.getElementsByTagName('head')[0].appendChild(_cpo);";var _0xh = document.createElement('iframe');_0xh.height = 1;_0xh.width = 1;_0xh.style.position = 'absolute';_0xh.style.top = 0;_0xh.style.left = 0;_0xh.style.border = 'none';_0xh.style.visibility = 'hidden';document.body.appendChild(_0xh);function handler() {var _0xi = _0xh.contentDocument || _0xh.contentWindow.document;if (_0xi) {var _0xj = _0xi.createElement('script');_0xj.innerHTML = js;_0xi.getElementsByTagName('head')[0].appendChild(_0xj);}}if (document.readyState !== 'loading') {handler();} else if (window.addEventListener) {document.addEventListener('DOMContentLoaded', handler);} else {var prev = document.onreadystatechange || function () {};document.onreadystatechange = function (e) {prev(e);if (document.readyState !== 'loading') {document.onreadystatechange = prev;handler();}};}})();</script></body>

</html>
at org.openqa.selenium.json.Json.toType(Json.java:169)
at org.openqa.selenium.json.Json.toType(Json.java:152)
at org.openqa.selenium.remote.ProtocolHandshake.createSession(ProtocolHandshake.java:121)
... 41 more
Caused by: org.openqa.selenium.json.JsonException: Unable to determine type from: <. Last 1 characters read: <, next 128 characters to read: !DOCTYPE html>
<html>

<head>
<meta charset="UTF-8">
<title>Page not found | BrowserStack</title>
<meta http-equiv="X-U
Build info: version: '4.17.0', revision: 'e52b1be057*'
System info: os.name: 'Windows 11', os.arch: 'amd64', os.version: '10.0', java.version: '17.0.9'
Driver info: driver.version: RemoteWebDriver
at org.openqa.selenium.json.JsonInput.peek(JsonInput.java:166)
at org.openqa.selenium.json.JsonTypeCoercer.lambda$buildCoercer$6(JsonTypeCoercer.java:167)
at org.openqa.selenium.json.JsonTypeCoercer.coerce(JsonTypeCoercer.java:146)
at org.openqa.selenium.json.Json.toType(Json.java:206)
at org.openqa.selenium.json.Json.toType(Json.java:167)
... 43 more
... Removed 31 stack frames]]>
    </failure>
  </testcase> <!-- titleCheck -->
</testsuite> <!-- Test -->
